<?xml version="1.0" encoding="UTF-8"?>
<coverage generated="1548060781122" clover="3.2.0">
  <project timestamp="1548060781122" name="All files">
    <metrics statements="428" coveredstatements="359" conditionals="86" coveredconditionals="51" methods="116" coveredmethods="71" elements="630" coveredelements="481" complexity="0" loc="428" ncloc="428" packages="25" files="51" classes="51">
      <package name="src">
        <metrics statements="56" coveredstatements="49" conditionals="4" coveredconditionals="1" methods="5" coveredmethods="2"/>
        <file name="app.hooks.js" path="/home/luong.ngoc.phuc/Desktop/work/personal/web-app/src/app.hooks.js">
          <metrics statements="2" coveredstatements="2" conditionals="0" coveredconditionals="0" methods="0" coveredmethods="0"/>
          <line num="2" count="1" type="stmt"/>
          <line num="4" count="1" type="stmt"/>
        </file>
        <file name="app.js" path="/home/luong.ngoc.phuc/Desktop/work/personal/web-app/src/app.js">
          <metrics statements="34" coveredstatements="34" conditionals="0" coveredconditionals="0" methods="0" coveredmethods="0"/>
          <line num="1" count="1" type="stmt"/>
          <line num="2" count="1" type="stmt"/>
          <line num="3" count="1" type="stmt"/>
          <line num="4" count="1" type="stmt"/>
          <line num="5" count="1" type="stmt"/>
          <line num="6" count="1" type="stmt"/>
          <line num="8" count="1" type="stmt"/>
          <line num="9" count="1" type="stmt"/>
          <line num="10" count="1" type="stmt"/>
          <line num="11" count="1" type="stmt"/>
          <line num="14" count="1" type="stmt"/>
          <line num="15" count="1" type="stmt"/>
          <line num="16" count="1" type="stmt"/>
          <line num="17" count="1" type="stmt"/>
          <line num="19" count="1" type="stmt"/>
          <line num="21" count="1" type="stmt"/>
          <line num="24" count="1" type="stmt"/>
          <line num="26" count="1" type="stmt"/>
          <line num="27" count="1" type="stmt"/>
          <line num="28" count="1" type="stmt"/>
          <line num="29" count="1" type="stmt"/>
          <line num="30" count="1" type="stmt"/>
          <line num="31" count="1" type="stmt"/>
          <line num="33" count="1" type="stmt"/>
          <line num="36" count="1" type="stmt"/>
          <line num="37" count="1" type="stmt"/>
          <line num="39" count="1" type="stmt"/>
          <line num="42" count="1" type="stmt"/>
          <line num="44" count="1" type="stmt"/>
          <line num="46" count="1" type="stmt"/>
          <line num="49" count="1" type="stmt"/>
          <line num="50" count="1" type="stmt"/>
          <line num="52" count="1" type="stmt"/>
          <line num="54" count="1" type="stmt"/>
        </file>
        <file name="channels.js" path="/home/luong.ngoc.phuc/Desktop/work/personal/web-app/src/channels.js">
          <metrics statements="12" coveredstatements="5" conditionals="4" coveredconditionals="1" methods="4" coveredmethods="1"/>
          <line num="1" count="1" type="stmt"/>
          <line num="2" count="1" type="cond" truecount="1" falsecount="1"/>
          <line num="4" count="0" type="stmt"/>
          <line num="7" count="1" type="stmt"/>
          <line num="9" count="0" type="stmt"/>
          <line num="12" count="1" type="stmt"/>
          <line num="15" count="0" type="cond" truecount="0" falsecount="2"/>
          <line num="20" count="0" type="stmt"/>
          <line num="23" count="0" type="stmt"/>
          <line num="40" count="1" type="stmt"/>
          <line num="44" count="0" type="stmt"/>
          <line num="47" count="0" type="stmt"/>
        </file>
        <file name="logger.js" path="/home/luong.ngoc.phuc/Desktop/work/personal/web-app/src/logger.js">
          <metrics statements="3" coveredstatements="3" conditionals="0" coveredconditionals="0" methods="0" coveredmethods="0"/>
          <line num="1" count="1" type="stmt"/>
          <line num="4" count="1" type="stmt"/>
          <line num="16" count="1" type="stmt"/>
        </file>
        <file name="mongoose.js" path="/home/luong.ngoc.phuc/Desktop/work/personal/web-app/src/mongoose.js">
          <metrics statements="5" coveredstatements="5" conditionals="0" coveredconditionals="0" methods="1" coveredmethods="1"/>
          <line num="1" count="1" type="stmt"/>
          <line num="3" count="1" type="stmt"/>
          <line num="4" count="1" type="stmt"/>
          <line num="8" count="1" type="stmt"/>
          <line num="10" count="1" type="stmt"/>
        </file>
      </package>
      <package name="src.constants">
        <metrics statements="3" coveredstatements="3" conditionals="0" coveredconditionals="0" methods="0" coveredmethods="0"/>
        <file name="entities.js" path="/home/luong.ngoc.phuc/Desktop/work/personal/web-app/src/constants/entities.js">
          <metrics statements="2" coveredstatements="2" conditionals="0" coveredconditionals="0" methods="0" coveredmethods="0"/>
          <line num="1" count="16" type="stmt"/>
          <line num="16" count="16" type="stmt"/>
        </file>
        <file name="errors.js" path="/home/luong.ngoc.phuc/Desktop/work/personal/web-app/src/constants/errors.js">
          <metrics statements="1" coveredstatements="1" conditionals="0" coveredconditionals="0" methods="0" coveredmethods="0"/>
          <line num="1" count="7" type="stmt"/>
        </file>
      </package>
      <package name="src.hooks.after.customer">
        <metrics statements="17" coveredstatements="15" conditionals="4" coveredconditionals="2" methods="6" coveredmethods="6"/>
        <file name="findGetAllCustomer.js" path="/home/luong.ngoc.phuc/Desktop/work/personal/web-app/src/hooks/after/customer/findGetAllCustomer.js">
          <metrics statements="8" coveredstatements="7" conditionals="2" coveredconditionals="1" methods="3" coveredmethods="3"/>
          <line num="1" count="2" type="stmt"/>
          <line num="3" count="2" type="stmt"/>
          <line num="4" count="2" type="stmt"/>
          <line num="7" count="1" type="stmt"/>
          <line num="8" count="1" type="stmt"/>
          <line num="11" count="1" type="cond" truecount="1" falsecount="1"/>
          <line num="12" count="0" type="stmt"/>
          <line num="16" count="2" type="stmt"/>
        </file>
        <file name="getACustomer.js" path="/home/luong.ngoc.phuc/Desktop/work/personal/web-app/src/hooks/after/customer/getACustomer.js">
          <metrics statements="9" coveredstatements="8" conditionals="2" coveredconditionals="1" methods="3" coveredmethods="3"/>
          <line num="1" count="2" type="stmt"/>
          <line num="3" count="2" type="stmt"/>
          <line num="4" count="2" type="stmt"/>
          <line num="5" count="2" type="stmt"/>
          <line num="7" count="1" type="stmt"/>
          <line num="8" count="1" type="stmt"/>
          <line num="11" count="1" type="cond" truecount="1" falsecount="1"/>
          <line num="12" count="0" type="stmt"/>
          <line num="16" count="2" type="stmt"/>
        </file>
      </package>
      <package name="src.hooks.after.plan">
        <metrics statements="17" coveredstatements="15" conditionals="4" coveredconditionals="2" methods="6" coveredmethods="6"/>
        <file name="findGetAllPlan.js" path="/home/luong.ngoc.phuc/Desktop/work/personal/web-app/src/hooks/after/plan/findGetAllPlan.js">
          <metrics statements="8" coveredstatements="7" conditionals="2" coveredconditionals="1" methods="3" coveredmethods="3"/>
          <line num="1" count="2" type="stmt"/>
          <line num="3" count="2" type="stmt"/>
          <line num="4" count="2" type="stmt"/>
          <line num="7" count="1" type="stmt"/>
          <line num="8" count="1" type="stmt"/>
          <line num="11" count="1" type="cond" truecount="1" falsecount="1"/>
          <line num="12" count="0" type="stmt"/>
          <line num="16" count="2" type="stmt"/>
        </file>
        <file name="getAPlan.js" path="/home/luong.ngoc.phuc/Desktop/work/personal/web-app/src/hooks/after/plan/getAPlan.js">
          <metrics statements="9" coveredstatements="8" conditionals="2" coveredconditionals="1" methods="3" coveredmethods="3"/>
          <line num="1" count="2" type="stmt"/>
          <line num="3" count="2" type="stmt"/>
          <line num="4" count="2" type="stmt"/>
          <line num="5" count="2" type="stmt"/>
          <line num="7" count="1" type="stmt"/>
          <line num="8" count="1" type="stmt"/>
          <line num="11" count="1" type="cond" truecount="1" falsecount="1"/>
          <line num="12" count="0" type="stmt"/>
          <line num="16" count="2" type="stmt"/>
        </file>
      </package>
      <package name="src.hooks.after.product">
        <metrics statements="17" coveredstatements="15" conditionals="4" coveredconditionals="2" methods="6" coveredmethods="6"/>
        <file name="findGetAllProd.js" path="/home/luong.ngoc.phuc/Desktop/work/personal/web-app/src/hooks/after/product/findGetAllProd.js">
          <metrics statements="8" coveredstatements="7" conditionals="2" coveredconditionals="1" methods="3" coveredmethods="3"/>
          <line num="1" count="2" type="stmt"/>
          <line num="3" count="2" type="stmt"/>
          <line num="4" count="2" type="stmt"/>
          <line num="7" count="1" type="stmt"/>
          <line num="8" count="1" type="stmt"/>
          <line num="11" count="1" type="cond" truecount="1" falsecount="1"/>
          <line num="12" count="0" type="stmt"/>
          <line num="16" count="2" type="stmt"/>
        </file>
        <file name="getAProd.js" path="/home/luong.ngoc.phuc/Desktop/work/personal/web-app/src/hooks/after/product/getAProd.js">
          <metrics statements="9" coveredstatements="8" conditionals="2" coveredconditionals="1" methods="3" coveredmethods="3"/>
          <line num="1" count="2" type="stmt"/>
          <line num="3" count="2" type="stmt"/>
          <line num="4" count="2" type="stmt"/>
          <line num="5" count="2" type="stmt"/>
          <line num="7" count="1" type="stmt"/>
          <line num="8" count="1" type="stmt"/>
          <line num="11" count="1" type="cond" truecount="1" falsecount="1"/>
          <line num="12" count="0" type="stmt"/>
          <line num="16" count="2" type="stmt"/>
        </file>
      </package>
      <package name="src.hooks.after.subscription">
        <metrics statements="17" coveredstatements="15" conditionals="4" coveredconditionals="2" methods="6" coveredmethods="6"/>
        <file name="findGetAllSubscription.js" path="/home/luong.ngoc.phuc/Desktop/work/personal/web-app/src/hooks/after/subscription/findGetAllSubscription.js">
          <metrics statements="8" coveredstatements="7" conditionals="2" coveredconditionals="1" methods="3" coveredmethods="3"/>
          <line num="1" count="2" type="stmt"/>
          <line num="3" count="2" type="stmt"/>
          <line num="4" count="2" type="stmt"/>
          <line num="7" count="1" type="stmt"/>
          <line num="8" count="1" type="stmt"/>
          <line num="11" count="1" type="cond" truecount="1" falsecount="1"/>
          <line num="12" count="0" type="stmt"/>
          <line num="16" count="2" type="stmt"/>
        </file>
        <file name="getASubscription.js" path="/home/luong.ngoc.phuc/Desktop/work/personal/web-app/src/hooks/after/subscription/getASubscription.js">
          <metrics statements="9" coveredstatements="8" conditionals="2" coveredconditionals="1" methods="3" coveredmethods="3"/>
          <line num="1" count="2" type="stmt"/>
          <line num="3" count="2" type="stmt"/>
          <line num="4" count="2" type="stmt"/>
          <line num="5" count="2" type="stmt"/>
          <line num="7" count="1" type="stmt"/>
          <line num="8" count="1" type="stmt"/>
          <line num="11" count="1" type="cond" truecount="1" falsecount="1"/>
          <line num="12" count="0" type="stmt"/>
          <line num="16" count="2" type="stmt"/>
        </file>
      </package>
      <package name="src.hooks.after.token">
        <metrics statements="9" coveredstatements="8" conditionals="2" coveredconditionals="1" methods="3" coveredmethods="3"/>
        <file name="getAToken.js" path="/home/luong.ngoc.phuc/Desktop/work/personal/web-app/src/hooks/after/token/getAToken.js">
          <metrics statements="9" coveredstatements="8" conditionals="2" coveredconditionals="1" methods="3" coveredmethods="3"/>
          <line num="1" count="2" type="stmt"/>
          <line num="3" count="2" type="stmt"/>
          <line num="4" count="2" type="stmt"/>
          <line num="5" count="2" type="stmt"/>
          <line num="7" count="1" type="stmt"/>
          <line num="8" count="1" type="stmt"/>
          <line num="11" count="1" type="cond" truecount="1" falsecount="1"/>
          <line num="12" count="0" type="stmt"/>
          <line num="16" count="2" type="stmt"/>
        </file>
      </package>
      <package name="src.hooks.before.customer">
        <metrics statements="11" coveredstatements="10" conditionals="4" coveredconditionals="3" methods="3" coveredmethods="3"/>
        <file name="createMakeCustomer.js" path="/home/luong.ngoc.phuc/Desktop/work/personal/web-app/src/hooks/before/customer/createMakeCustomer.js">
          <metrics statements="11" coveredstatements="10" conditionals="4" coveredconditionals="3" methods="3" coveredmethods="3"/>
          <line num="1" count="2" type="stmt"/>
          <line num="2" count="2" type="stmt"/>
          <line num="7" count="2" type="stmt"/>
          <line num="8" count="3" type="stmt"/>
          <line num="9" count="3" type="cond" truecount="2" falsecount="0"/>
          <line num="10" count="2" type="stmt"/>
          <line num="12" count="1" type="stmt"/>
          <line num="13" count="1" type="stmt"/>
          <line num="16" count="1" type="cond" truecount="1" falsecount="1"/>
          <line num="17" count="0" type="stmt"/>
          <line num="21" count="2" type="stmt"/>
        </file>
      </package>
      <package name="src.hooks.before.plan">
        <metrics statements="11" coveredstatements="10" conditionals="8" coveredconditionals="7" methods="3" coveredmethods="3"/>
        <file name="createMakePlan.js" path="/home/luong.ngoc.phuc/Desktop/work/personal/web-app/src/hooks/before/plan/createMakePlan.js">
          <metrics statements="11" coveredstatements="10" conditionals="8" coveredconditionals="7" methods="3" coveredmethods="3"/>
          <line num="1" count="2" type="stmt"/>
          <line num="2" count="2" type="stmt"/>
          <line num="10" count="2" type="stmt"/>
          <line num="11" count="3" type="stmt"/>
          <line num="12" count="3" type="cond" truecount="6" falsecount="0"/>
          <line num="13" count="2" type="stmt"/>
          <line num="15" count="1" type="stmt"/>
          <line num="16" count="1" type="stmt"/>
          <line num="19" count="1" type="cond" truecount="1" falsecount="1"/>
          <line num="20" count="0" type="stmt"/>
          <line num="24" count="2" type="stmt"/>
        </file>
      </package>
      <package name="src.hooks.before.product">
        <metrics statements="11" coveredstatements="10" conditionals="6" coveredconditionals="5" methods="3" coveredmethods="3"/>
        <file name="createMakeProd.js" path="/home/luong.ngoc.phuc/Desktop/work/personal/web-app/src/hooks/before/product/createMakeProd.js">
          <metrics statements="11" coveredstatements="10" conditionals="6" coveredconditionals="5" methods="3" coveredmethods="3"/>
          <line num="1" count="2" type="stmt"/>
          <line num="2" count="2" type="stmt"/>
          <line num="7" count="2" type="stmt"/>
          <line num="8" count="3" type="stmt"/>
          <line num="9" count="3" type="cond" truecount="4" falsecount="0"/>
          <line num="10" count="2" type="stmt"/>
          <line num="12" count="1" type="stmt"/>
          <line num="13" count="1" type="stmt"/>
          <line num="16" count="1" type="cond" truecount="1" falsecount="1"/>
          <line num="17" count="0" type="stmt"/>
          <line num="21" count="2" type="stmt"/>
        </file>
      </package>
      <package name="src.hooks.before.subscription">
        <metrics statements="16" coveredstatements="15" conditionals="10" coveredconditionals="9" methods="3" coveredmethods="3"/>
        <file name="createMakeSubscription.js" path="/home/luong.ngoc.phuc/Desktop/work/personal/web-app/src/hooks/before/subscription/createMakeSubscription.js">
          <metrics statements="16" coveredstatements="15" conditionals="10" coveredconditionals="9" methods="3" coveredmethods="3"/>
          <line num="1" count="2" type="stmt"/>
          <line num="2" count="2" type="stmt"/>
          <line num="14" count="2" type="stmt"/>
          <line num="15" count="3" type="stmt"/>
          <line num="16" count="3" type="stmt"/>
          <line num="17" count="3" type="cond" truecount="6" falsecount="0"/>
          <line num="18" count="2" type="stmt"/>
          <line num="22" count="2" type="stmt"/>
          <line num="23" count="4" type="stmt"/>
          <line num="24" count="4" type="cond" truecount="2" falsecount="0"/>
          <line num="26" count="2" type="stmt"/>
          <line num="28" count="1" type="stmt"/>
          <line num="29" count="1" type="stmt"/>
          <line num="32" count="1" type="cond" truecount="1" falsecount="1"/>
          <line num="33" count="0" type="stmt"/>
          <line num="37" count="2" type="stmt"/>
        </file>
      </package>
      <package name="src.hooks.before.token">
        <metrics statements="11" coveredstatements="10" conditionals="8" coveredconditionals="7" methods="3" coveredmethods="3"/>
        <file name="createMakeToken.js" path="/home/luong.ngoc.phuc/Desktop/work/personal/web-app/src/hooks/before/token/createMakeToken.js">
          <metrics statements="11" coveredstatements="10" conditionals="8" coveredconditionals="7" methods="3" coveredmethods="3"/>
          <line num="1" count="2" type="stmt"/>
          <line num="2" count="2" type="stmt"/>
          <line num="10" count="2" type="stmt"/>
          <line num="11" count="3" type="stmt"/>
          <line num="12" count="3" type="cond" truecount="6" falsecount="0"/>
          <line num="13" count="2" type="stmt"/>
          <line num="17" count="1" type="stmt"/>
          <line num="18" count="1" type="stmt"/>
          <line num="21" count="1" type="cond" truecount="1" falsecount="1"/>
          <line num="22" count="0" type="stmt"/>
          <line num="26" count="2" type="stmt"/>
        </file>
      </package>
      <package name="src.hooks.before.user">
        <metrics statements="10" coveredstatements="10" conditionals="4" coveredconditionals="4" methods="1" coveredmethods="1"/>
        <file name="createdValidUser.js" path="/home/luong.ngoc.phuc/Desktop/work/personal/web-app/src/hooks/before/user/createdValidUser.js">
          <metrics statements="10" coveredstatements="10" conditionals="4" coveredconditionals="4" methods="1" coveredmethods="1"/>
          <line num="1" count="2" type="stmt"/>
          <line num="2" count="2" type="stmt"/>
          <line num="3" count="2" type="stmt"/>
          <line num="5" count="2" type="stmt"/>
          <line num="6" count="3" type="stmt"/>
          <line num="7" count="3" type="cond" truecount="2" falsecount="0"/>
          <line num="9" count="2" type="stmt"/>
          <line num="15" count="2" type="cond" truecount="2" falsecount="0"/>
          <line num="16" count="1" type="stmt"/>
          <line num="19" count="2" type="stmt"/>
        </file>
      </package>
      <package name="src.middleware">
        <metrics statements="1" coveredstatements="1" conditionals="0" coveredconditionals="0" methods="1" coveredmethods="1"/>
        <file name="index.js" path="/home/luong.ngoc.phuc/Desktop/work/personal/web-app/src/middleware/index.js">
          <metrics statements="1" coveredstatements="1" conditionals="0" coveredconditionals="0" methods="1" coveredmethods="1"/>
          <line num="2" count="1" type="stmt"/>
        </file>
      </package>
      <package name="src.models">
        <metrics statements="15" coveredstatements="15" conditionals="0" coveredconditionals="0" methods="3" coveredmethods="3"/>
        <file name="cart.model.js" path="/home/luong.ngoc.phuc/Desktop/work/personal/web-app/src/models/cart.model.js">
          <metrics statements="5" coveredstatements="5" conditionals="0" coveredconditionals="0" methods="1" coveredmethods="1"/>
          <line num="5" count="1" type="stmt"/>
          <line num="6" count="1" type="stmt"/>
          <line num="7" count="1" type="stmt"/>
          <line num="8" count="1" type="stmt"/>
          <line num="17" count="1" type="stmt"/>
        </file>
        <file name="goods.model.js" path="/home/luong.ngoc.phuc/Desktop/work/personal/web-app/src/models/goods.model.js">
          <metrics statements="5" coveredstatements="5" conditionals="0" coveredconditionals="0" methods="1" coveredmethods="1"/>
          <line num="5" count="1" type="stmt"/>
          <line num="6" count="1" type="stmt"/>
          <line num="7" count="1" type="stmt"/>
          <line num="8" count="1" type="stmt"/>
          <line num="18" count="1" type="stmt"/>
        </file>
        <file name="user.model.js" path="/home/luong.ngoc.phuc/Desktop/work/personal/web-app/src/models/user.model.js">
          <metrics statements="5" coveredstatements="5" conditionals="0" coveredconditionals="0" methods="1" coveredmethods="1"/>
          <line num="5" count="1" type="stmt"/>
          <line num="6" count="1" type="stmt"/>
          <line num="7" count="1" type="stmt"/>
          <line num="8" count="1" type="stmt"/>
          <line num="17" count="1" type="stmt"/>
        </file>
      </package>
      <package name="src.services">
        <metrics statements="19" coveredstatements="19" conditionals="0" coveredconditionals="0" methods="1" coveredmethods="1"/>
        <file name="index.js" path="/home/luong.ngoc.phuc/Desktop/work/personal/web-app/src/services/index.js">
          <metrics statements="19" coveredstatements="19" conditionals="0" coveredconditionals="0" methods="1" coveredmethods="1"/>
          <line num="1" count="1" type="stmt"/>
          <line num="2" count="1" type="stmt"/>
          <line num="3" count="1" type="stmt"/>
          <line num="4" count="1" type="stmt"/>
          <line num="5" count="1" type="stmt"/>
          <line num="6" count="1" type="stmt"/>
          <line num="7" count="1" type="stmt"/>
          <line num="8" count="1" type="stmt"/>
          <line num="9" count="1" type="stmt"/>
          <line num="11" count="1" type="stmt"/>
          <line num="12" count="1" type="stmt"/>
          <line num="13" count="1" type="stmt"/>
          <line num="14" count="1" type="stmt"/>
          <line num="15" count="1" type="stmt"/>
          <line num="16" count="1" type="stmt"/>
          <line num="17" count="1" type="stmt"/>
          <line num="18" count="1" type="stmt"/>
          <line num="19" count="1" type="stmt"/>
          <line num="20" count="1" type="stmt"/>
        </file>
      </package>
      <package name="src.services.cart">
        <metrics statements="15" coveredstatements="15" conditionals="0" coveredconditionals="0" methods="1" coveredmethods="1"/>
        <file name="cart.hooks.js" path="/home/luong.ngoc.phuc/Desktop/work/personal/web-app/src/services/cart/cart.hooks.js">
          <metrics statements="4" coveredstatements="4" conditionals="0" coveredconditionals="0" methods="0" coveredmethods="0"/>
          <line num="1" count="1" type="stmt"/>
          <line num="2" count="1" type="stmt"/>
          <line num="3" count="1" type="stmt"/>
          <line num="5" count="1" type="stmt"/>
        </file>
        <file name="cart.service.js" path="/home/luong.ngoc.phuc/Desktop/work/personal/web-app/src/services/cart/cart.service.js">
          <metrics statements="11" coveredstatements="11" conditionals="0" coveredconditionals="0" methods="1" coveredmethods="1"/>
          <line num="2" count="1" type="stmt"/>
          <line num="3" count="1" type="stmt"/>
          <line num="4" count="1" type="stmt"/>
          <line num="5" count="1" type="stmt"/>
          <line num="8" count="1" type="stmt"/>
          <line num="9" count="1" type="stmt"/>
          <line num="10" count="1" type="stmt"/>
          <line num="12" count="1" type="stmt"/>
          <line num="18" count="1" type="stmt"/>
          <line num="21" count="1" type="stmt"/>
          <line num="23" count="1" type="stmt"/>
        </file>
      </package>
      <package name="src.services.charge">
        <metrics statements="24" coveredstatements="16" conditionals="4" coveredconditionals="1" methods="10" coveredmethods="3"/>
        <file name="charge.class.js" path="/home/luong.ngoc.phuc/Desktop/work/personal/web-app/src/services/charge/charge.class.js">
          <metrics statements="12" coveredstatements="4" conditionals="4" coveredconditionals="1" methods="9" coveredmethods="2"/>
          <line num="4" count="1" type="cond" truecount="1" falsecount="1"/>
          <line num="8" count="0" type="stmt"/>
          <line num="12" count="0" type="stmt"/>
          <line num="18" count="0" type="cond" truecount="0" falsecount="2"/>
          <line num="19" count="0" type="stmt"/>
          <line num="22" count="0" type="stmt"/>
          <line num="26" count="0" type="stmt"/>
          <line num="30" count="0" type="stmt"/>
          <line num="34" count="0" type="stmt"/>
          <line num="38" count="1" type="stmt"/>
          <line num="39" count="1" type="stmt"/>
          <line num="42" count="1" type="stmt"/>
        </file>
        <file name="charge.hooks.js" path="/home/luong.ngoc.phuc/Desktop/work/personal/web-app/src/services/charge/charge.hooks.js">
          <metrics statements="3" coveredstatements="3" conditionals="0" coveredconditionals="0" methods="0" coveredmethods="0"/>
          <line num="2" count="1" type="stmt"/>
          <line num="3" count="1" type="stmt"/>
          <line num="5" count="1" type="stmt"/>
        </file>
        <file name="charge.service.js" path="/home/luong.ngoc.phuc/Desktop/work/personal/web-app/src/services/charge/charge.service.js">
          <metrics statements="9" coveredstatements="9" conditionals="0" coveredconditionals="0" methods="1" coveredmethods="1"/>
          <line num="2" count="1" type="stmt"/>
          <line num="3" count="1" type="stmt"/>
          <line num="4" count="1" type="stmt"/>
          <line num="7" count="1" type="stmt"/>
          <line num="9" count="1" type="stmt"/>
          <line num="11" count="1" type="stmt"/>
          <line num="16" count="1" type="stmt"/>
          <line num="19" count="1" type="stmt"/>
          <line num="21" count="1" type="stmt"/>
        </file>
      </package>
      <package name="src.services.customers">
        <metrics statements="25" coveredstatements="17" conditionals="4" coveredconditionals="1" methods="10" coveredmethods="3"/>
        <file name="customers.class.js" path="/home/luong.ngoc.phuc/Desktop/work/personal/web-app/src/services/customers/customers.class.js">
          <metrics statements="12" coveredstatements="4" conditionals="4" coveredconditionals="1" methods="9" coveredmethods="2"/>
          <line num="4" count="1" type="cond" truecount="1" falsecount="1"/>
          <line num="8" count="0" type="stmt"/>
          <line num="12" count="0" type="stmt"/>
          <line num="18" count="0" type="cond" truecount="0" falsecount="2"/>
          <line num="19" count="0" type="stmt"/>
          <line num="22" count="0" type="stmt"/>
          <line num="26" count="0" type="stmt"/>
          <line num="30" count="0" type="stmt"/>
          <line num="34" count="0" type="stmt"/>
          <line num="38" count="1" type="stmt"/>
          <line num="39" count="1" type="stmt"/>
          <line num="42" count="1" type="stmt"/>
        </file>
        <file name="customers.hooks.js" path="/home/luong.ngoc.phuc/Desktop/work/personal/web-app/src/services/customers/customers.hooks.js">
          <metrics statements="5" coveredstatements="5" conditionals="0" coveredconditionals="0" methods="0" coveredmethods="0"/>
          <line num="1" count="1" type="stmt"/>
          <line num="2" count="1" type="stmt"/>
          <line num="3" count="1" type="stmt"/>
          <line num="4" count="1" type="stmt"/>
          <line num="5" count="1" type="stmt"/>
        </file>
        <file name="customers.service.js" path="/home/luong.ngoc.phuc/Desktop/work/personal/web-app/src/services/customers/customers.service.js">
          <metrics statements="8" coveredstatements="8" conditionals="0" coveredconditionals="0" methods="1" coveredmethods="1"/>
          <line num="2" count="1" type="stmt"/>
          <line num="3" count="1" type="stmt"/>
          <line num="5" count="1" type="stmt"/>
          <line num="7" count="1" type="stmt"/>
          <line num="9" count="1" type="stmt"/>
          <line num="14" count="1" type="stmt"/>
          <line num="17" count="1" type="stmt"/>
          <line num="19" count="1" type="stmt"/>
        </file>
      </package>
      <package name="src.services.goods">
        <metrics statements="12" coveredstatements="12" conditionals="0" coveredconditionals="0" methods="1" coveredmethods="1"/>
        <file name="goods.hooks.js" path="/home/luong.ngoc.phuc/Desktop/work/personal/web-app/src/services/goods/goods.hooks.js">
          <metrics statements="1" coveredstatements="1" conditionals="0" coveredconditionals="0" methods="0" coveredmethods="0"/>
          <line num="3" count="1" type="stmt"/>
        </file>
        <file name="goods.service.js" path="/home/luong.ngoc.phuc/Desktop/work/personal/web-app/src/services/goods/goods.service.js">
          <metrics statements="11" coveredstatements="11" conditionals="0" coveredconditionals="0" methods="1" coveredmethods="1"/>
          <line num="2" count="1" type="stmt"/>
          <line num="3" count="1" type="stmt"/>
          <line num="4" count="1" type="stmt"/>
          <line num="5" count="1" type="stmt"/>
          <line num="8" count="1" type="stmt"/>
          <line num="9" count="1" type="stmt"/>
          <line num="10" count="1" type="stmt"/>
          <line num="12" count="1" type="stmt"/>
          <line num="18" count="1" type="stmt"/>
          <line num="21" count="1" type="stmt"/>
          <line num="23" count="1" type="stmt"/>
        </file>
      </package>
      <package name="src.services.plans">
        <metrics statements="24" coveredstatements="16" conditionals="4" coveredconditionals="1" methods="10" coveredmethods="3"/>
        <file name="plans.class.js" path="/home/luong.ngoc.phuc/Desktop/work/personal/web-app/src/services/plans/plans.class.js">
          <metrics statements="12" coveredstatements="4" conditionals="4" coveredconditionals="1" methods="9" coveredmethods="2"/>
          <line num="4" count="1" type="cond" truecount="1" falsecount="1"/>
          <line num="8" count="0" type="stmt"/>
          <line num="12" count="0" type="stmt"/>
          <line num="18" count="0" type="cond" truecount="0" falsecount="2"/>
          <line num="19" count="0" type="stmt"/>
          <line num="22" count="0" type="stmt"/>
          <line num="26" count="0" type="stmt"/>
          <line num="30" count="0" type="stmt"/>
          <line num="34" count="0" type="stmt"/>
          <line num="38" count="1" type="stmt"/>
          <line num="39" count="1" type="stmt"/>
          <line num="42" count="1" type="stmt"/>
        </file>
        <file name="plans.hooks.js" path="/home/luong.ngoc.phuc/Desktop/work/personal/web-app/src/services/plans/plans.hooks.js">
          <metrics statements="4" coveredstatements="4" conditionals="0" coveredconditionals="0" methods="0" coveredmethods="0"/>
          <line num="1" count="1" type="stmt"/>
          <line num="2" count="1" type="stmt"/>
          <line num="3" count="1" type="stmt"/>
          <line num="4" count="1" type="stmt"/>
        </file>
        <file name="plans.service.js" path="/home/luong.ngoc.phuc/Desktop/work/personal/web-app/src/services/plans/plans.service.js">
          <metrics statements="8" coveredstatements="8" conditionals="0" coveredconditionals="0" methods="1" coveredmethods="1"/>
          <line num="2" count="1" type="stmt"/>
          <line num="3" count="1" type="stmt"/>
          <line num="5" count="1" type="stmt"/>
          <line num="7" count="1" type="stmt"/>
          <line num="9" count="1" type="stmt"/>
          <line num="14" count="1" type="stmt"/>
          <line num="17" count="1" type="stmt"/>
          <line num="19" count="1" type="stmt"/>
        </file>
      </package>
      <package name="src.services.products">
        <metrics statements="24" coveredstatements="16" conditionals="4" coveredconditionals="1" methods="10" coveredmethods="3"/>
        <file name="products.class.js" path="/home/luong.ngoc.phuc/Desktop/work/personal/web-app/src/services/products/products.class.js">
          <metrics statements="12" coveredstatements="4" conditionals="4" coveredconditionals="1" methods="9" coveredmethods="2"/>
          <line num="4" count="1" type="cond" truecount="1" falsecount="1"/>
          <line num="8" count="0" type="stmt"/>
          <line num="12" count="0" type="stmt"/>
          <line num="18" count="0" type="cond" truecount="0" falsecount="2"/>
          <line num="19" count="0" type="stmt"/>
          <line num="22" count="0" type="stmt"/>
          <line num="26" count="0" type="stmt"/>
          <line num="30" count="0" type="stmt"/>
          <line num="34" count="0" type="stmt"/>
          <line num="38" count="1" type="stmt"/>
          <line num="39" count="1" type="stmt"/>
          <line num="42" count="1" type="stmt"/>
        </file>
        <file name="products.hooks.js" path="/home/luong.ngoc.phuc/Desktop/work/personal/web-app/src/services/products/products.hooks.js">
          <metrics statements="4" coveredstatements="4" conditionals="0" coveredconditionals="0" methods="0" coveredmethods="0"/>
          <line num="1" count="1" type="stmt"/>
          <line num="2" count="1" type="stmt"/>
          <line num="3" count="1" type="stmt"/>
          <line num="5" count="1" type="stmt"/>
        </file>
        <file name="products.service.js" path="/home/luong.ngoc.phuc/Desktop/work/personal/web-app/src/services/products/products.service.js">
          <metrics statements="8" coveredstatements="8" conditionals="0" coveredconditionals="0" methods="1" coveredmethods="1"/>
          <line num="2" count="1" type="stmt"/>
          <line num="3" count="1" type="stmt"/>
          <line num="5" count="1" type="stmt"/>
          <line num="7" count="1" type="stmt"/>
          <line num="9" count="1" type="stmt"/>
          <line num="14" count="1" type="stmt"/>
          <line num="17" count="1" type="stmt"/>
          <line num="19" count="1" type="stmt"/>
        </file>
      </package>
      <package name="src.services.subscriptions">
        <metrics statements="24" coveredstatements="16" conditionals="4" coveredconditionals="1" methods="10" coveredmethods="3"/>
        <file name="subscriptions.class.js" path="/home/luong.ngoc.phuc/Desktop/work/personal/web-app/src/services/subscriptions/subscriptions.class.js">
          <metrics statements="12" coveredstatements="4" conditionals="4" coveredconditionals="1" methods="9" coveredmethods="2"/>
          <line num="4" count="1" type="cond" truecount="1" falsecount="1"/>
          <line num="8" count="0" type="stmt"/>
          <line num="12" count="0" type="stmt"/>
          <line num="18" count="0" type="cond" truecount="0" falsecount="2"/>
          <line num="19" count="0" type="stmt"/>
          <line num="22" count="0" type="stmt"/>
          <line num="26" count="0" type="stmt"/>
          <line num="30" count="0" type="stmt"/>
          <line num="34" count="0" type="stmt"/>
          <line num="38" count="1" type="stmt"/>
          <line num="39" count="1" type="stmt"/>
          <line num="42" count="1" type="stmt"/>
        </file>
        <file name="subscriptions.hooks.js" path="/home/luong.ngoc.phuc/Desktop/work/personal/web-app/src/services/subscriptions/subscriptions.hooks.js">
          <metrics statements="4" coveredstatements="4" conditionals="0" coveredconditionals="0" methods="0" coveredmethods="0"/>
          <line num="1" count="1" type="stmt"/>
          <line num="2" count="1" type="stmt"/>
          <line num="3" count="1" type="stmt"/>
          <line num="6" count="1" type="stmt"/>
        </file>
        <file name="subscriptions.service.js" path="/home/luong.ngoc.phuc/Desktop/work/personal/web-app/src/services/subscriptions/subscriptions.service.js">
          <metrics statements="8" coveredstatements="8" conditionals="0" coveredconditionals="0" methods="1" coveredmethods="1"/>
          <line num="2" count="1" type="stmt"/>
          <line num="3" count="1" type="stmt"/>
          <line num="5" count="1" type="stmt"/>
          <line num="7" count="1" type="stmt"/>
          <line num="9" count="1" type="stmt"/>
          <line num="14" count="1" type="stmt"/>
          <line num="17" count="1" type="stmt"/>
          <line num="19" count="1" type="stmt"/>
        </file>
      </package>
      <package name="src.services.tokens">
        <metrics statements="24" coveredstatements="16" conditionals="4" coveredconditionals="1" methods="10" coveredmethods="3"/>
        <file name="tokens.class.js" path="/home/luong.ngoc.phuc/Desktop/work/personal/web-app/src/services/tokens/tokens.class.js">
          <metrics statements="12" coveredstatements="4" conditionals="4" coveredconditionals="1" methods="9" coveredmethods="2"/>
          <line num="4" count="1" type="cond" truecount="1" falsecount="1"/>
          <line num="8" count="0" type="stmt"/>
          <line num="12" count="0" type="stmt"/>
          <line num="18" count="0" type="cond" truecount="0" falsecount="2"/>
          <line num="19" count="0" type="stmt"/>
          <line num="22" count="0" type="stmt"/>
          <line num="26" count="0" type="stmt"/>
          <line num="30" count="0" type="stmt"/>
          <line num="34" count="0" type="stmt"/>
          <line num="38" count="1" type="stmt"/>
          <line num="39" count="1" type="stmt"/>
          <line num="42" count="1" type="stmt"/>
        </file>
        <file name="tokens.hooks.js" path="/home/luong.ngoc.phuc/Desktop/work/personal/web-app/src/services/tokens/tokens.hooks.js">
          <metrics statements="4" coveredstatements="4" conditionals="0" coveredconditionals="0" methods="0" coveredmethods="0"/>
          <line num="1" count="1" type="stmt"/>
          <line num="2" count="1" type="stmt"/>
          <line num="3" count="1" type="stmt"/>
          <line num="5" count="1" type="stmt"/>
        </file>
        <file name="tokens.service.js" path="/home/luong.ngoc.phuc/Desktop/work/personal/web-app/src/services/tokens/tokens.service.js">
          <metrics statements="8" coveredstatements="8" conditionals="0" coveredconditionals="0" methods="1" coveredmethods="1"/>
          <line num="2" count="1" type="stmt"/>
          <line num="3" count="1" type="stmt"/>
          <line num="5" count="1" type="stmt"/>
          <line num="7" count="1" type="stmt"/>
          <line num="9" count="1" type="stmt"/>
          <line num="14" count="1" type="stmt"/>
          <line num="17" count="1" type="stmt"/>
          <line num="19" count="1" type="stmt"/>
        </file>
      </package>
      <package name="src.services.user">
        <metrics statements="15" coveredstatements="15" conditionals="0" coveredconditionals="0" methods="1" coveredmethods="1"/>
        <file name="user.hooks.js" path="/home/luong.ngoc.phuc/Desktop/work/personal/web-app/src/services/user/user.hooks.js">
          <metrics statements="4" coveredstatements="4" conditionals="0" coveredconditionals="0" methods="0" coveredmethods="0"/>
          <line num="1" count="1" type="stmt"/>
          <line num="2" count="1" type="stmt"/>
          <line num="3" count="1" type="stmt"/>
          <line num="5" count="1" type="stmt"/>
        </file>
        <file name="user.service.js" path="/home/luong.ngoc.phuc/Desktop/work/personal/web-app/src/services/user/user.service.js">
          <metrics statements="11" coveredstatements="11" conditionals="0" coveredconditionals="0" methods="1" coveredmethods="1"/>
          <line num="2" count="1" type="stmt"/>
          <line num="3" count="1" type="stmt"/>
          <line num="4" count="1" type="stmt"/>
          <line num="5" count="1" type="stmt"/>
          <line num="7" count="1" type="stmt"/>
          <line num="8" count="1" type="stmt"/>
          <line num="9" count="1" type="stmt"/>
          <line num="11" count="1" type="stmt"/>
          <line num="17" count="1" type="stmt"/>
          <line num="20" count="1" type="stmt"/>
          <line num="22" count="1" type="stmt"/>
        </file>
      </package>
    </metrics>
  </project>
</coverage>
