{"/home/luong.ngoc.phuc/Desktop/work/personal/web-app/src/app.hooks.js": {"path":"/home/luong.ngoc.phuc/Desktop/work/personal/web-app/src/app.hooks.js","statementMap":{"0":{"start":{"line":2,"column":12},"end":{"line":2,"column":34}},"1":{"start":{"line":4,"column":0},"end":{"line":34,"column":2}}},"fnMap":{},"branchMap":{},"s":{"0":1,"1":1},"f":{},"b":{},"_coverageSchema":"332fd63041d2c1bcb487cc26dd0d5f7d97098a6c","hash":"62e9cce240e60d42d58bf025ad5763e4688a8783"}
,"/home/luong.ngoc.phuc/Desktop/work/personal/web-app/src/app.js": {"path":"/home/luong.ngoc.phuc/Desktop/work/personal/web-app/src/app.js","statementMap":{"0":{"start":{"line":1,"column":13},"end":{"line":1,"column":28}},"1":{"start":{"line":2,"column":16},"end":{"line":2,"column":40}},"2":{"start":{"line":3,"column":17},"end":{"line":3,"column":39}},"3":{"start":{"line":4,"column":15},"end":{"line":4,"column":32}},"4":{"start":{"line":5,"column":13},"end":{"line":5,"column":28}},"5":{"start":{"line":6,"column":15},"end":{"line":6,"column":34}},"6":{"start":{"line":8,"column":17},"end":{"line":8,"column":48}},"7":{"start":{"line":9,"column":22},"end":{"line":9,"column":58}},"8":{"start":{"line":10,"column":16},"end":{"line":10,"column":46}},"9":{"start":{"line":11,"column":17},"end":{"line":11,"column":48}},"10":{"start":{"line":14,"column":19},"end":{"line":14,"column":42}},"11":{"start":{"line":15,"column":17},"end":{"line":15,"column":38}},"12":{"start":{"line":16,"column":17},"end":{"line":16,"column":39}},"13":{"start":{"line":17,"column":17},"end":{"line":17,"column":38}},"14":{"start":{"line":19,"column":17},"end":{"line":19,"column":38}},"15":{"start":{"line":21,"column":12},"end":{"line":21,"column":31}},"16":{"start":{"line":24,"column":0},"end":{"line":24,"column":31}},"17":{"start":{"line":26,"column":0},"end":{"line":26,"column":18}},"18":{"start":{"line":27,"column":0},"end":{"line":27,"column":16}},"19":{"start":{"line":28,"column":0},"end":{"line":28,"column":20}},"20":{"start":{"line":29,"column":0},"end":{"line":29,"column":24}},"21":{"start":{"line":30,"column":0},"end":{"line":30,"column":48}},"22":{"start":{"line":31,"column":0},"end":{"line":31,"column":62}},"23":{"start":{"line":33,"column":0},"end":{"line":33,"column":48}},"24":{"start":{"line":36,"column":0},"end":{"line":36,"column":30}},"25":{"start":{"line":37,"column":0},"end":{"line":37,"column":26}},"26":{"start":{"line":39,"column":0},"end":{"line":39,"column":24}},"27":{"start":{"line":42,"column":0},"end":{"line":42,"column":26}},"28":{"start":{"line":44,"column":0},"end":{"line":44,"column":24}},"29":{"start":{"line":46,"column":0},"end":{"line":46,"column":24}},"30":{"start":{"line":49,"column":0},"end":{"line":49,"column":28}},"31":{"start":{"line":50,"column":0},"end":{"line":50,"column":42}},"32":{"start":{"line":52,"column":0},"end":{"line":52,"column":20}},"33":{"start":{"line":54,"column":0},"end":{"line":54,"column":21}}},"fnMap":{},"branchMap":{},"s":{"0":1,"1":1,"2":1,"3":1,"4":1,"5":1,"6":1,"7":1,"8":1,"9":1,"10":1,"11":1,"12":1,"13":1,"14":1,"15":1,"16":1,"17":1,"18":1,"19":1,"20":1,"21":1,"22":1,"23":1,"24":1,"25":1,"26":1,"27":1,"28":1,"29":1,"30":1,"31":1,"32":1,"33":1},"f":{},"b":{},"_coverageSchema":"332fd63041d2c1bcb487cc26dd0d5f7d97098a6c","hash":"836c1c5bf2564052b802179a52ba270acd995bea"}
,"/home/luong.ngoc.phuc/Desktop/work/personal/web-app/src/channels.js": {"path":"/home/luong.ngoc.phuc/Desktop/work/personal/web-app/src/channels.js","statementMap":{"0":{"start":{"line":1,"column":0},"end":{"line":61,"column":2}},"1":{"start":{"line":2,"column":2},"end":{"line":5,"column":3}},"2":{"start":{"line":4,"column":4},"end":{"line":4,"column":11}},"3":{"start":{"line":7,"column":2},"end":{"line":10,"column":5}},"4":{"start":{"line":9,"column":4},"end":{"line":9,"column":46}},"5":{"start":{"line":12,"column":2},"end":{"line":37,"column":5}},"6":{"start":{"line":15,"column":4},"end":{"line":36,"column":5}},"7":{"start":{"line":20,"column":6},"end":{"line":20,"column":49}},"8":{"start":{"line":23,"column":6},"end":{"line":23,"column":52}},"9":{"start":{"line":40,"column":2},"end":{"line":48,"column":5}},"10":{"start":{"line":44,"column":4},"end":{"line":44,"column":159}},"11":{"start":{"line":47,"column":4},"end":{"line":47,"column":40}}},"fnMap":{"0":{"name":"(anonymous_0)","decl":{"start":{"line":1,"column":17},"end":{"line":1,"column":18}},"loc":{"start":{"line":1,"column":31},"end":{"line":61,"column":1}},"line":1},"1":{"name":"(anonymous_1)","decl":{"start":{"line":7,"column":23},"end":{"line":7,"column":24}},"loc":{"start":{"line":7,"column":37},"end":{"line":10,"column":3}},"line":7},"2":{"name":"(anonymous_2)","decl":{"start":{"line":12,"column":18},"end":{"line":12,"column":19}},"loc":{"start":{"line":12,"column":50},"end":{"line":37,"column":3}},"line":12},"3":{"name":"(anonymous_3)","decl":{"start":{"line":40,"column":14},"end":{"line":40,"column":15}},"loc":{"start":{"line":40,"column":30},"end":{"line":48,"column":3}},"line":40}},"branchMap":{"0":{"loc":{"start":{"line":2,"column":2},"end":{"line":5,"column":3}},"type":"if","locations":[{"start":{"line":2,"column":2},"end":{"line":5,"column":3}},{"start":{"line":2,"column":2},"end":{"line":5,"column":3}}],"line":2},"1":{"loc":{"start":{"line":15,"column":4},"end":{"line":36,"column":5}},"type":"if","locations":[{"start":{"line":15,"column":4},"end":{"line":36,"column":5}},{"start":{"line":15,"column":4},"end":{"line":36,"column":5}}],"line":15}},"s":{"0":1,"1":1,"2":0,"3":1,"4":0,"5":1,"6":0,"7":0,"8":0,"9":1,"10":0,"11":0},"f":{"0":1,"1":0,"2":0,"3":0},"b":{"0":[0,1],"1":[0,0]},"_coverageSchema":"332fd63041d2c1bcb487cc26dd0d5f7d97098a6c","hash":"b0751b25a1751c5c28fff055fe6a5046cc5f22af"}
,"/home/luong.ngoc.phuc/Desktop/work/personal/web-app/src/logger.js": {"path":"/home/luong.ngoc.phuc/Desktop/work/personal/web-app/src/logger.js","statementMap":{"0":{"start":{"line":1,"column":45},"end":{"line":1,"column":63}},"1":{"start":{"line":4,"column":15},"end":{"line":14,"column":2}},"2":{"start":{"line":16,"column":0},"end":{"line":16,"column":24}}},"fnMap":{},"branchMap":{},"s":{"0":1,"1":1,"2":1},"f":{},"b":{},"_coverageSchema":"332fd63041d2c1bcb487cc26dd0d5f7d97098a6c","hash":"79fdbf8661f150003e301ace90f134a85c0c213a"}
,"/home/luong.ngoc.phuc/Desktop/work/personal/web-app/src/mongoose.js": {"path":"/home/luong.ngoc.phuc/Desktop/work/personal/web-app/src/mongoose.js","statementMap":{"0":{"start":{"line":1,"column":17},"end":{"line":1,"column":36}},"1":{"start":{"line":3,"column":0},"end":{"line":11,"column":2}},"2":{"start":{"line":4,"column":2},"end":{"line":7,"column":4}},"3":{"start":{"line":8,"column":2},"end":{"line":8,"column":36}},"4":{"start":{"line":10,"column":2},"end":{"line":10,"column":38}}},"fnMap":{"0":{"name":"(anonymous_0)","decl":{"start":{"line":3,"column":17},"end":{"line":3,"column":18}},"loc":{"start":{"line":3,"column":32},"end":{"line":11,"column":1}},"line":3}},"branchMap":{},"s":{"0":1,"1":1,"2":1,"3":1,"4":1},"f":{"0":1},"b":{},"_coverageSchema":"332fd63041d2c1bcb487cc26dd0d5f7d97098a6c","hash":"20187a836a5490754ade4e3436c3681d37d26baf"}
,"/home/luong.ngoc.phuc/Desktop/work/personal/web-app/src/constants/entities.js": {"path":"/home/luong.ngoc.phuc/Desktop/work/personal/web-app/src/constants/entities.js","statementMap":{"0":{"start":{"line":1,"column":17},"end":{"line":15,"column":1}},"1":{"start":{"line":16,"column":0},"end":{"line":16,"column":26}}},"fnMap":{},"branchMap":{},"s":{"0":16,"1":16},"f":{},"b":{},"_coverageSchema":"332fd63041d2c1bcb487cc26dd0d5f7d97098a6c","hash":"52772e906aac92fd4c38a7e79fd6ad93f04cfefe"}
,"/home/luong.ngoc.phuc/Desktop/work/personal/web-app/src/constants/errors.js": {"path":"/home/luong.ngoc.phuc/Desktop/work/personal/web-app/src/constants/errors.js","statementMap":{"0":{"start":{"line":1,"column":0},"end":{"line":10,"column":2}}},"fnMap":{},"branchMap":{},"s":{"0":7},"f":{},"b":{},"_coverageSchema":"332fd63041d2c1bcb487cc26dd0d5f7d97098a6c","hash":"d5c0d78d967d06b161fa32752b95c849277928bc"}
,"/home/luong.ngoc.phuc/Desktop/work/personal/web-app/src/hooks/after/customer/findGetAllCustomer.js": {"path":"/home/luong.ngoc.phuc/Desktop/work/personal/web-app/src/hooks/after/customer/findGetAllCustomer.js","statementMap":{"0":{"start":{"line":1,"column":15},"end":{"line":1,"column":54}},"1":{"start":{"line":3,"column":23},"end":{"line":14,"column":1}},"2":{"start":{"line":4,"column":2},"end":{"line":13,"column":7}},"3":{"start":{"line":7,"column":6},"end":{"line":7,"column":33}},"4":{"start":{"line":8,"column":6},"end":{"line":8,"column":21}},"5":{"start":{"line":11,"column":6},"end":{"line":11,"column":37}},"6":{"start":{"line":11,"column":15},"end":{"line":11,"column":37}},"7":{"start":{"line":12,"column":6},"end":{"line":12,"column":43}},"8":{"start":{"line":16,"column":0},"end":{"line":16,"column":36}}},"fnMap":{"0":{"name":"(anonymous_0)","decl":{"start":{"line":3,"column":23},"end":{"line":3,"column":24}},"loc":{"start":{"line":3,"column":40},"end":{"line":14,"column":1}},"line":3},"1":{"name":"(anonymous_1)","decl":{"start":{"line":6,"column":10},"end":{"line":6,"column":11}},"loc":{"start":{"line":6,"column":23},"end":{"line":9,"column":5}},"line":6},"2":{"name":"(anonymous_2)","decl":{"start":{"line":10,"column":11},"end":{"line":10,"column":12}},"loc":{"start":{"line":10,"column":18},"end":{"line":13,"column":5}},"line":10}},"branchMap":{"0":{"loc":{"start":{"line":11,"column":6},"end":{"line":11,"column":37}},"type":"if","locations":[{"start":{"line":11,"column":6},"end":{"line":11,"column":37}},{"start":{"line":11,"column":6},"end":{"line":11,"column":37}}],"line":11}},"s":{"0":2,"1":2,"2":2,"3":1,"4":1,"5":1,"6":1,"7":0,"8":2},"f":{"0":2,"1":1,"2":1},"b":{"0":[1,0]},"_coverageSchema":"332fd63041d2c1bcb487cc26dd0d5f7d97098a6c","hash":"cd50456925e065b61d362d5692176f90768f593d"}
,"/home/luong.ngoc.phuc/Desktop/work/personal/web-app/src/hooks/after/customer/getACustomer.js": {"path":"/home/luong.ngoc.phuc/Desktop/work/personal/web-app/src/hooks/after/customer/getACustomer.js","statementMap":{"0":{"start":{"line":1,"column":15},"end":{"line":1,"column":54}},"1":{"start":{"line":3,"column":21},"end":{"line":14,"column":1}},"2":{"start":{"line":4,"column":17},"end":{"line":4,"column":24}},"3":{"start":{"line":5,"column":2},"end":{"line":13,"column":7}},"4":{"start":{"line":7,"column":6},"end":{"line":7,"column":27}},"5":{"start":{"line":8,"column":6},"end":{"line":8,"column":21}},"6":{"start":{"line":11,"column":6},"end":{"line":11,"column":37}},"7":{"start":{"line":11,"column":15},"end":{"line":11,"column":37}},"8":{"start":{"line":12,"column":6},"end":{"line":12,"column":39}},"9":{"start":{"line":16,"column":0},"end":{"line":16,"column":34}}},"fnMap":{"0":{"name":"(anonymous_0)","decl":{"start":{"line":3,"column":21},"end":{"line":3,"column":22}},"loc":{"start":{"line":3,"column":38},"end":{"line":14,"column":1}},"line":3},"1":{"name":"(anonymous_1)","decl":{"start":{"line":6,"column":10},"end":{"line":6,"column":11}},"loc":{"start":{"line":6,"column":17},"end":{"line":9,"column":5}},"line":6},"2":{"name":"(anonymous_2)","decl":{"start":{"line":10,"column":11},"end":{"line":10,"column":12}},"loc":{"start":{"line":10,"column":18},"end":{"line":13,"column":5}},"line":10}},"branchMap":{"0":{"loc":{"start":{"line":11,"column":6},"end":{"line":11,"column":37}},"type":"if","locations":[{"start":{"line":11,"column":6},"end":{"line":11,"column":37}},{"start":{"line":11,"column":6},"end":{"line":11,"column":37}}],"line":11}},"s":{"0":2,"1":2,"2":2,"3":2,"4":1,"5":1,"6":1,"7":1,"8":0,"9":2},"f":{"0":2,"1":1,"2":1},"b":{"0":[1,0]},"_coverageSchema":"332fd63041d2c1bcb487cc26dd0d5f7d97098a6c","hash":"929036340030fa0a31da654b27e61768d2d8e1ea"}
,"/home/luong.ngoc.phuc/Desktop/work/personal/web-app/src/hooks/after/plan/findGetAllPlan.js": {"path":"/home/luong.ngoc.phuc/Desktop/work/personal/web-app/src/hooks/after/plan/findGetAllPlan.js","statementMap":{"0":{"start":{"line":1,"column":15},"end":{"line":1,"column":54}},"1":{"start":{"line":3,"column":20},"end":{"line":14,"column":1}},"2":{"start":{"line":4,"column":2},"end":{"line":13,"column":7}},"3":{"start":{"line":7,"column":6},"end":{"line":7,"column":29}},"4":{"start":{"line":8,"column":6},"end":{"line":8,"column":21}},"5":{"start":{"line":11,"column":6},"end":{"line":11,"column":37}},"6":{"start":{"line":11,"column":15},"end":{"line":11,"column":37}},"7":{"start":{"line":12,"column":6},"end":{"line":12,"column":43}},"8":{"start":{"line":16,"column":0},"end":{"line":16,"column":33}}},"fnMap":{"0":{"name":"(anonymous_0)","decl":{"start":{"line":3,"column":20},"end":{"line":3,"column":21}},"loc":{"start":{"line":3,"column":37},"end":{"line":14,"column":1}},"line":3},"1":{"name":"(anonymous_1)","decl":{"start":{"line":6,"column":10},"end":{"line":6,"column":11}},"loc":{"start":{"line":6,"column":19},"end":{"line":9,"column":5}},"line":6},"2":{"name":"(anonymous_2)","decl":{"start":{"line":10,"column":11},"end":{"line":10,"column":12}},"loc":{"start":{"line":10,"column":18},"end":{"line":13,"column":5}},"line":10}},"branchMap":{"0":{"loc":{"start":{"line":11,"column":6},"end":{"line":11,"column":37}},"type":"if","locations":[{"start":{"line":11,"column":6},"end":{"line":11,"column":37}},{"start":{"line":11,"column":6},"end":{"line":11,"column":37}}],"line":11}},"s":{"0":2,"1":2,"2":2,"3":1,"4":1,"5":1,"6":1,"7":0,"8":2},"f":{"0":2,"1":1,"2":1},"b":{"0":[1,0]},"_coverageSchema":"332fd63041d2c1bcb487cc26dd0d5f7d97098a6c","hash":"58ec401ac1da61beaad58d26a5759b076604cd65"}
,"/home/luong.ngoc.phuc/Desktop/work/personal/web-app/src/hooks/after/plan/getAPlan.js": {"path":"/home/luong.ngoc.phuc/Desktop/work/personal/web-app/src/hooks/after/plan/getAPlan.js","statementMap":{"0":{"start":{"line":1,"column":15},"end":{"line":1,"column":54}},"1":{"start":{"line":3,"column":17},"end":{"line":14,"column":1}},"2":{"start":{"line":4,"column":17},"end":{"line":4,"column":24}},"3":{"start":{"line":5,"column":2},"end":{"line":13,"column":7}},"4":{"start":{"line":7,"column":6},"end":{"line":7,"column":28}},"5":{"start":{"line":8,"column":6},"end":{"line":8,"column":21}},"6":{"start":{"line":11,"column":6},"end":{"line":11,"column":37}},"7":{"start":{"line":11,"column":15},"end":{"line":11,"column":37}},"8":{"start":{"line":12,"column":6},"end":{"line":12,"column":39}},"9":{"start":{"line":16,"column":0},"end":{"line":16,"column":30}}},"fnMap":{"0":{"name":"(anonymous_0)","decl":{"start":{"line":3,"column":17},"end":{"line":3,"column":18}},"loc":{"start":{"line":3,"column":34},"end":{"line":14,"column":1}},"line":3},"1":{"name":"(anonymous_1)","decl":{"start":{"line":6,"column":10},"end":{"line":6,"column":11}},"loc":{"start":{"line":6,"column":18},"end":{"line":9,"column":5}},"line":6},"2":{"name":"(anonymous_2)","decl":{"start":{"line":10,"column":11},"end":{"line":10,"column":12}},"loc":{"start":{"line":10,"column":18},"end":{"line":13,"column":5}},"line":10}},"branchMap":{"0":{"loc":{"start":{"line":11,"column":6},"end":{"line":11,"column":37}},"type":"if","locations":[{"start":{"line":11,"column":6},"end":{"line":11,"column":37}},{"start":{"line":11,"column":6},"end":{"line":11,"column":37}}],"line":11}},"s":{"0":2,"1":2,"2":2,"3":2,"4":1,"5":1,"6":1,"7":1,"8":0,"9":2},"f":{"0":2,"1":1,"2":1},"b":{"0":[1,0]},"_coverageSchema":"332fd63041d2c1bcb487cc26dd0d5f7d97098a6c","hash":"199849d1e8acc4f566c91bec3f057c0a30a6c815"}
,"/home/luong.ngoc.phuc/Desktop/work/personal/web-app/src/hooks/after/product/findGetAllProd.js": {"path":"/home/luong.ngoc.phuc/Desktop/work/personal/web-app/src/hooks/after/product/findGetAllProd.js","statementMap":{"0":{"start":{"line":1,"column":15},"end":{"line":1,"column":54}},"1":{"start":{"line":3,"column":20},"end":{"line":14,"column":1}},"2":{"start":{"line":4,"column":2},"end":{"line":13,"column":7}},"3":{"start":{"line":7,"column":6},"end":{"line":7,"column":29}},"4":{"start":{"line":8,"column":6},"end":{"line":8,"column":21}},"5":{"start":{"line":11,"column":6},"end":{"line":11,"column":37}},"6":{"start":{"line":11,"column":15},"end":{"line":11,"column":37}},"7":{"start":{"line":12,"column":6},"end":{"line":12,"column":42}},"8":{"start":{"line":16,"column":0},"end":{"line":16,"column":33}}},"fnMap":{"0":{"name":"(anonymous_0)","decl":{"start":{"line":3,"column":20},"end":{"line":3,"column":21}},"loc":{"start":{"line":3,"column":37},"end":{"line":14,"column":1}},"line":3},"1":{"name":"(anonymous_1)","decl":{"start":{"line":6,"column":10},"end":{"line":6,"column":11}},"loc":{"start":{"line":6,"column":19},"end":{"line":9,"column":5}},"line":6},"2":{"name":"(anonymous_2)","decl":{"start":{"line":10,"column":11},"end":{"line":10,"column":12}},"loc":{"start":{"line":10,"column":18},"end":{"line":13,"column":5}},"line":10}},"branchMap":{"0":{"loc":{"start":{"line":11,"column":6},"end":{"line":11,"column":37}},"type":"if","locations":[{"start":{"line":11,"column":6},"end":{"line":11,"column":37}},{"start":{"line":11,"column":6},"end":{"line":11,"column":37}}],"line":11}},"s":{"0":2,"1":2,"2":2,"3":1,"4":1,"5":1,"6":1,"7":0,"8":2},"f":{"0":2,"1":1,"2":1},"b":{"0":[1,0]},"_coverageSchema":"332fd63041d2c1bcb487cc26dd0d5f7d97098a6c","hash":"2122aba2ec52e540cc7471843f8fe0242d22cddf"}
,"/home/luong.ngoc.phuc/Desktop/work/personal/web-app/src/hooks/after/product/getAProd.js": {"path":"/home/luong.ngoc.phuc/Desktop/work/personal/web-app/src/hooks/after/product/getAProd.js","statementMap":{"0":{"start":{"line":1,"column":15},"end":{"line":1,"column":54}},"1":{"start":{"line":3,"column":17},"end":{"line":14,"column":1}},"2":{"start":{"line":4,"column":17},"end":{"line":4,"column":24}},"3":{"start":{"line":5,"column":2},"end":{"line":13,"column":7}},"4":{"start":{"line":7,"column":6},"end":{"line":7,"column":28}},"5":{"start":{"line":8,"column":6},"end":{"line":8,"column":21}},"6":{"start":{"line":11,"column":6},"end":{"line":11,"column":37}},"7":{"start":{"line":11,"column":15},"end":{"line":11,"column":37}},"8":{"start":{"line":12,"column":6},"end":{"line":12,"column":39}},"9":{"start":{"line":16,"column":0},"end":{"line":16,"column":30}}},"fnMap":{"0":{"name":"(anonymous_0)","decl":{"start":{"line":3,"column":17},"end":{"line":3,"column":18}},"loc":{"start":{"line":3,"column":34},"end":{"line":14,"column":1}},"line":3},"1":{"name":"(anonymous_1)","decl":{"start":{"line":6,"column":10},"end":{"line":6,"column":11}},"loc":{"start":{"line":6,"column":18},"end":{"line":9,"column":5}},"line":6},"2":{"name":"(anonymous_2)","decl":{"start":{"line":10,"column":11},"end":{"line":10,"column":12}},"loc":{"start":{"line":10,"column":18},"end":{"line":13,"column":5}},"line":10}},"branchMap":{"0":{"loc":{"start":{"line":11,"column":6},"end":{"line":11,"column":37}},"type":"if","locations":[{"start":{"line":11,"column":6},"end":{"line":11,"column":37}},{"start":{"line":11,"column":6},"end":{"line":11,"column":37}}],"line":11}},"s":{"0":2,"1":2,"2":2,"3":2,"4":1,"5":1,"6":1,"7":1,"8":0,"9":2},"f":{"0":2,"1":1,"2":1},"b":{"0":[1,0]},"_coverageSchema":"332fd63041d2c1bcb487cc26dd0d5f7d97098a6c","hash":"122b9f35d33b1a809de04cbbd0fe4ff325bfcfd3"}
,"/home/luong.ngoc.phuc/Desktop/work/personal/web-app/src/hooks/after/subscription/findGetAllSubscription.js": {"path":"/home/luong.ngoc.phuc/Desktop/work/personal/web-app/src/hooks/after/subscription/findGetAllSubscription.js","statementMap":{"0":{"start":{"line":1,"column":15},"end":{"line":1,"column":54}},"1":{"start":{"line":3,"column":18},"end":{"line":14,"column":1}},"2":{"start":{"line":4,"column":2},"end":{"line":13,"column":7}},"3":{"start":{"line":7,"column":6},"end":{"line":7,"column":28}},"4":{"start":{"line":8,"column":6},"end":{"line":8,"column":21}},"5":{"start":{"line":11,"column":6},"end":{"line":11,"column":37}},"6":{"start":{"line":11,"column":15},"end":{"line":11,"column":37}},"7":{"start":{"line":12,"column":6},"end":{"line":12,"column":43}},"8":{"start":{"line":16,"column":0},"end":{"line":16,"column":31}}},"fnMap":{"0":{"name":"(anonymous_0)","decl":{"start":{"line":3,"column":18},"end":{"line":3,"column":19}},"loc":{"start":{"line":3,"column":35},"end":{"line":14,"column":1}},"line":3},"1":{"name":"(anonymous_1)","decl":{"start":{"line":6,"column":10},"end":{"line":6,"column":11}},"loc":{"start":{"line":6,"column":18},"end":{"line":9,"column":5}},"line":6},"2":{"name":"(anonymous_2)","decl":{"start":{"line":10,"column":11},"end":{"line":10,"column":12}},"loc":{"start":{"line":10,"column":18},"end":{"line":13,"column":5}},"line":10}},"branchMap":{"0":{"loc":{"start":{"line":11,"column":6},"end":{"line":11,"column":37}},"type":"if","locations":[{"start":{"line":11,"column":6},"end":{"line":11,"column":37}},{"start":{"line":11,"column":6},"end":{"line":11,"column":37}}],"line":11}},"s":{"0":2,"1":2,"2":2,"3":1,"4":1,"5":1,"6":1,"7":0,"8":2},"f":{"0":2,"1":1,"2":1},"b":{"0":[1,0]},"_coverageSchema":"332fd63041d2c1bcb487cc26dd0d5f7d97098a6c","hash":"3bad5e0b146ad5ee6e474c10c73df05663c4d5d1"}
,"/home/luong.ngoc.phuc/Desktop/work/personal/web-app/src/hooks/after/subscription/getASubscription.js": {"path":"/home/luong.ngoc.phuc/Desktop/work/personal/web-app/src/hooks/after/subscription/getASubscription.js","statementMap":{"0":{"start":{"line":1,"column":15},"end":{"line":1,"column":54}},"1":{"start":{"line":3,"column":16},"end":{"line":14,"column":1}},"2":{"start":{"line":4,"column":17},"end":{"line":4,"column":24}},"3":{"start":{"line":5,"column":2},"end":{"line":13,"column":7}},"4":{"start":{"line":7,"column":6},"end":{"line":7,"column":27}},"5":{"start":{"line":8,"column":6},"end":{"line":8,"column":21}},"6":{"start":{"line":11,"column":6},"end":{"line":11,"column":37}},"7":{"start":{"line":11,"column":15},"end":{"line":11,"column":37}},"8":{"start":{"line":12,"column":6},"end":{"line":12,"column":39}},"9":{"start":{"line":16,"column":0},"end":{"line":16,"column":29}}},"fnMap":{"0":{"name":"(anonymous_0)","decl":{"start":{"line":3,"column":16},"end":{"line":3,"column":17}},"loc":{"start":{"line":3,"column":33},"end":{"line":14,"column":1}},"line":3},"1":{"name":"(anonymous_1)","decl":{"start":{"line":6,"column":10},"end":{"line":6,"column":11}},"loc":{"start":{"line":6,"column":17},"end":{"line":9,"column":5}},"line":6},"2":{"name":"(anonymous_2)","decl":{"start":{"line":10,"column":11},"end":{"line":10,"column":12}},"loc":{"start":{"line":10,"column":18},"end":{"line":13,"column":5}},"line":10}},"branchMap":{"0":{"loc":{"start":{"line":11,"column":6},"end":{"line":11,"column":37}},"type":"if","locations":[{"start":{"line":11,"column":6},"end":{"line":11,"column":37}},{"start":{"line":11,"column":6},"end":{"line":11,"column":37}}],"line":11}},"s":{"0":2,"1":2,"2":2,"3":2,"4":1,"5":1,"6":1,"7":1,"8":0,"9":2},"f":{"0":2,"1":1,"2":1},"b":{"0":[1,0]},"_coverageSchema":"332fd63041d2c1bcb487cc26dd0d5f7d97098a6c","hash":"b438b6b4973a8050ba597a486934d45de5cc7f20"}
,"/home/luong.ngoc.phuc/Desktop/work/personal/web-app/src/hooks/after/token/getAToken.js": {"path":"/home/luong.ngoc.phuc/Desktop/work/personal/web-app/src/hooks/after/token/getAToken.js","statementMap":{"0":{"start":{"line":1,"column":15},"end":{"line":1,"column":54}},"1":{"start":{"line":3,"column":18},"end":{"line":14,"column":1}},"2":{"start":{"line":4,"column":17},"end":{"line":4,"column":24}},"3":{"start":{"line":5,"column":2},"end":{"line":13,"column":7}},"4":{"start":{"line":7,"column":6},"end":{"line":7,"column":26}},"5":{"start":{"line":8,"column":6},"end":{"line":8,"column":21}},"6":{"start":{"line":11,"column":6},"end":{"line":11,"column":37}},"7":{"start":{"line":11,"column":15},"end":{"line":11,"column":37}},"8":{"start":{"line":12,"column":6},"end":{"line":12,"column":39}},"9":{"start":{"line":16,"column":0},"end":{"line":16,"column":31}}},"fnMap":{"0":{"name":"(anonymous_0)","decl":{"start":{"line":3,"column":18},"end":{"line":3,"column":19}},"loc":{"start":{"line":3,"column":35},"end":{"line":14,"column":1}},"line":3},"1":{"name":"(anonymous_1)","decl":{"start":{"line":6,"column":10},"end":{"line":6,"column":11}},"loc":{"start":{"line":6,"column":16},"end":{"line":9,"column":5}},"line":6},"2":{"name":"(anonymous_2)","decl":{"start":{"line":10,"column":11},"end":{"line":10,"column":12}},"loc":{"start":{"line":10,"column":18},"end":{"line":13,"column":5}},"line":10}},"branchMap":{"0":{"loc":{"start":{"line":11,"column":6},"end":{"line":11,"column":37}},"type":"if","locations":[{"start":{"line":11,"column":6},"end":{"line":11,"column":37}},{"start":{"line":11,"column":6},"end":{"line":11,"column":37}}],"line":11}},"s":{"0":2,"1":2,"2":2,"3":2,"4":1,"5":1,"6":1,"7":1,"8":0,"9":2},"f":{"0":2,"1":1,"2":1},"b":{"0":[1,0]},"_coverageSchema":"332fd63041d2c1bcb487cc26dd0d5f7d97098a6c","hash":"63f20e94835b5ceb00eac76bfe013ac2d9367682"}
,"/home/luong.ngoc.phuc/Desktop/work/personal/web-app/src/hooks/before/customer/createMakeCustomer.js": {"path":"/home/luong.ngoc.phuc/Desktop/work/personal/web-app/src/hooks/before/customer/createMakeCustomer.js","statementMap":{"0":{"start":{"line":1,"column":15},"end":{"line":1,"column":54}},"1":{"start":{"line":2,"column":14},"end":{"line":2,"column":50}},"2":{"start":{"line":7,"column":23},"end":{"line":19,"column":1}},"3":{"start":{"line":8,"column":19},"end":{"line":8,"column":26}},"4":{"start":{"line":9,"column":2},"end":{"line":9,"column":58}},"5":{"start":{"line":9,"column":20},"end":{"line":9,"column":58}},"6":{"start":{"line":10,"column":2},"end":{"line":18,"column":7}},"7":{"start":{"line":12,"column":6},"end":{"line":12,"column":32}},"8":{"start":{"line":13,"column":6},"end":{"line":13,"column":21}},"9":{"start":{"line":16,"column":6},"end":{"line":16,"column":37}},"10":{"start":{"line":16,"column":15},"end":{"line":16,"column":37}},"11":{"start":{"line":17,"column":6},"end":{"line":17,"column":55}},"12":{"start":{"line":21,"column":0},"end":{"line":21,"column":36}}},"fnMap":{"0":{"name":"(anonymous_0)","decl":{"start":{"line":7,"column":23},"end":{"line":7,"column":24}},"loc":{"start":{"line":7,"column":40},"end":{"line":19,"column":1}},"line":7},"1":{"name":"(anonymous_1)","decl":{"start":{"line":11,"column":10},"end":{"line":11,"column":11}},"loc":{"start":{"line":11,"column":22},"end":{"line":14,"column":5}},"line":11},"2":{"name":"(anonymous_2)","decl":{"start":{"line":15,"column":11},"end":{"line":15,"column":12}},"loc":{"start":{"line":15,"column":18},"end":{"line":18,"column":5}},"line":15}},"branchMap":{"0":{"loc":{"start":{"line":9,"column":2},"end":{"line":9,"column":58}},"type":"if","locations":[{"start":{"line":9,"column":2},"end":{"line":9,"column":58}},{"start":{"line":9,"column":2},"end":{"line":9,"column":58}}],"line":9},"1":{"loc":{"start":{"line":16,"column":6},"end":{"line":16,"column":37}},"type":"if","locations":[{"start":{"line":16,"column":6},"end":{"line":16,"column":37}},{"start":{"line":16,"column":6},"end":{"line":16,"column":37}}],"line":16}},"s":{"0":2,"1":2,"2":2,"3":3,"4":3,"5":1,"6":2,"7":1,"8":1,"9":1,"10":1,"11":0,"12":2},"f":{"0":3,"1":1,"2":1},"b":{"0":[1,2],"1":[1,0]},"_coverageSchema":"332fd63041d2c1bcb487cc26dd0d5f7d97098a6c","hash":"5776cda9af749af2ca619077c330a7df217749d6"}
,"/home/luong.ngoc.phuc/Desktop/work/personal/web-app/src/hooks/before/plan/createMakePlan.js": {"path":"/home/luong.ngoc.phuc/Desktop/work/personal/web-app/src/hooks/before/plan/createMakePlan.js","statementMap":{"0":{"start":{"line":1,"column":15},"end":{"line":1,"column":54}},"1":{"start":{"line":2,"column":14},"end":{"line":2,"column":50}},"2":{"start":{"line":10,"column":19},"end":{"line":22,"column":1}},"3":{"start":{"line":11,"column":19},"end":{"line":11,"column":26}},"4":{"start":{"line":12,"column":2},"end":{"line":12,"column":111}},"5":{"start":{"line":12,"column":73},"end":{"line":12,"column":111}},"6":{"start":{"line":13,"column":2},"end":{"line":21,"column":7}},"7":{"start":{"line":15,"column":6},"end":{"line":15,"column":28}},"8":{"start":{"line":16,"column":6},"end":{"line":16,"column":21}},"9":{"start":{"line":19,"column":6},"end":{"line":19,"column":37}},"10":{"start":{"line":19,"column":15},"end":{"line":19,"column":37}},"11":{"start":{"line":20,"column":6},"end":{"line":20,"column":55}},"12":{"start":{"line":24,"column":0},"end":{"line":24,"column":32}}},"fnMap":{"0":{"name":"(anonymous_0)","decl":{"start":{"line":10,"column":19},"end":{"line":10,"column":20}},"loc":{"start":{"line":10,"column":36},"end":{"line":22,"column":1}},"line":10},"1":{"name":"(anonymous_1)","decl":{"start":{"line":14,"column":10},"end":{"line":14,"column":11}},"loc":{"start":{"line":14,"column":18},"end":{"line":17,"column":5}},"line":14},"2":{"name":"(anonymous_2)","decl":{"start":{"line":18,"column":11},"end":{"line":18,"column":12}},"loc":{"start":{"line":18,"column":18},"end":{"line":21,"column":5}},"line":18}},"branchMap":{"0":{"loc":{"start":{"line":12,"column":2},"end":{"line":12,"column":111}},"type":"if","locations":[{"start":{"line":12,"column":2},"end":{"line":12,"column":111}},{"start":{"line":12,"column":2},"end":{"line":12,"column":111}}],"line":12},"1":{"loc":{"start":{"line":12,"column":6},"end":{"line":12,"column":71}},"type":"binary-expr","locations":[{"start":{"line":12,"column":6},"end":{"line":12,"column":18}},{"start":{"line":12,"column":22},"end":{"line":12,"column":36}},{"start":{"line":12,"column":40},"end":{"line":12,"column":53}},{"start":{"line":12,"column":57},"end":{"line":12,"column":71}}],"line":12},"2":{"loc":{"start":{"line":19,"column":6},"end":{"line":19,"column":37}},"type":"if","locations":[{"start":{"line":19,"column":6},"end":{"line":19,"column":37}},{"start":{"line":19,"column":6},"end":{"line":19,"column":37}}],"line":19}},"s":{"0":2,"1":2,"2":2,"3":3,"4":3,"5":1,"6":2,"7":1,"8":1,"9":1,"10":1,"11":0,"12":2},"f":{"0":3,"1":1,"2":1},"b":{"0":[1,2],"1":[3,3,3,3],"2":[1,0]},"_coverageSchema":"332fd63041d2c1bcb487cc26dd0d5f7d97098a6c","hash":"71045ed86ed08d9fadc846290f30779fce268293"}
,"/home/luong.ngoc.phuc/Desktop/work/personal/web-app/src/hooks/before/product/createMakeProd.js": {"path":"/home/luong.ngoc.phuc/Desktop/work/personal/web-app/src/hooks/before/product/createMakeProd.js","statementMap":{"0":{"start":{"line":1,"column":15},"end":{"line":1,"column":54}},"1":{"start":{"line":2,"column":14},"end":{"line":2,"column":50}},"2":{"start":{"line":7,"column":19},"end":{"line":19,"column":1}},"3":{"start":{"line":8,"column":19},"end":{"line":8,"column":26}},"4":{"start":{"line":9,"column":2},"end":{"line":9,"column":70}},"5":{"start":{"line":9,"column":32},"end":{"line":9,"column":70}},"6":{"start":{"line":10,"column":2},"end":{"line":18,"column":7}},"7":{"start":{"line":12,"column":6},"end":{"line":12,"column":28}},"8":{"start":{"line":13,"column":6},"end":{"line":13,"column":21}},"9":{"start":{"line":16,"column":6},"end":{"line":16,"column":37}},"10":{"start":{"line":16,"column":15},"end":{"line":16,"column":37}},"11":{"start":{"line":17,"column":6},"end":{"line":17,"column":55}},"12":{"start":{"line":21,"column":0},"end":{"line":21,"column":32}}},"fnMap":{"0":{"name":"(anonymous_0)","decl":{"start":{"line":7,"column":19},"end":{"line":7,"column":20}},"loc":{"start":{"line":7,"column":36},"end":{"line":19,"column":1}},"line":7},"1":{"name":"(anonymous_1)","decl":{"start":{"line":11,"column":10},"end":{"line":11,"column":11}},"loc":{"start":{"line":11,"column":18},"end":{"line":14,"column":5}},"line":11},"2":{"name":"(anonymous_2)","decl":{"start":{"line":15,"column":11},"end":{"line":15,"column":12}},"loc":{"start":{"line":15,"column":18},"end":{"line":18,"column":5}},"line":15}},"branchMap":{"0":{"loc":{"start":{"line":9,"column":2},"end":{"line":9,"column":70}},"type":"if","locations":[{"start":{"line":9,"column":2},"end":{"line":9,"column":70}},{"start":{"line":9,"column":2},"end":{"line":9,"column":70}}],"line":9},"1":{"loc":{"start":{"line":9,"column":6},"end":{"line":9,"column":30}},"type":"binary-expr","locations":[{"start":{"line":9,"column":6},"end":{"line":9,"column":16}},{"start":{"line":9,"column":20},"end":{"line":9,"column":30}}],"line":9},"2":{"loc":{"start":{"line":16,"column":6},"end":{"line":16,"column":37}},"type":"if","locations":[{"start":{"line":16,"column":6},"end":{"line":16,"column":37}},{"start":{"line":16,"column":6},"end":{"line":16,"column":37}}],"line":16}},"s":{"0":2,"1":2,"2":2,"3":3,"4":3,"5":1,"6":2,"7":1,"8":1,"9":1,"10":1,"11":0,"12":2},"f":{"0":3,"1":1,"2":1},"b":{"0":[1,2],"1":[3,2],"2":[1,0]},"_coverageSchema":"332fd63041d2c1bcb487cc26dd0d5f7d97098a6c","hash":"2d567fe38c41541bcff8a9cfd2d4a581bfe98ea2"}
,"/home/luong.ngoc.phuc/Desktop/work/personal/web-app/src/hooks/before/subscription/createMakeSubscription.js": {"path":"/home/luong.ngoc.phuc/Desktop/work/personal/web-app/src/hooks/before/subscription/createMakeSubscription.js","statementMap":{"0":{"start":{"line":1,"column":15},"end":{"line":1,"column":54}},"1":{"start":{"line":2,"column":14},"end":{"line":2,"column":50}},"2":{"start":{"line":14,"column":27},"end":{"line":35,"column":1}},"3":{"start":{"line":15,"column":19},"end":{"line":15,"column":26}},"4":{"start":{"line":16,"column":30},"end":{"line":16,"column":34}},"5":{"start":{"line":17,"column":2},"end":{"line":17,"column":111}},"6":{"start":{"line":17,"column":73},"end":{"line":17,"column":111}},"7":{"start":{"line":18,"column":17},"end":{"line":21,"column":3}},"8":{"start":{"line":22,"column":2},"end":{"line":25,"column":3}},"9":{"start":{"line":23,"column":21},"end":{"line":23,"column":29}},"10":{"start":{"line":24,"column":4},"end":{"line":24,"column":100}},"11":{"start":{"line":26,"column":2},"end":{"line":34,"column":7}},"12":{"start":{"line":28,"column":6},"end":{"line":28,"column":27}},"13":{"start":{"line":29,"column":6},"end":{"line":29,"column":21}},"14":{"start":{"line":32,"column":6},"end":{"line":32,"column":37}},"15":{"start":{"line":32,"column":15},"end":{"line":32,"column":37}},"16":{"start":{"line":33,"column":6},"end":{"line":33,"column":55}},"17":{"start":{"line":37,"column":0},"end":{"line":37,"column":40}}},"fnMap":{"0":{"name":"(anonymous_0)","decl":{"start":{"line":14,"column":27},"end":{"line":14,"column":28}},"loc":{"start":{"line":14,"column":44},"end":{"line":35,"column":1}},"line":14},"1":{"name":"(anonymous_1)","decl":{"start":{"line":27,"column":10},"end":{"line":27,"column":11}},"loc":{"start":{"line":27,"column":17},"end":{"line":30,"column":5}},"line":27},"2":{"name":"(anonymous_2)","decl":{"start":{"line":31,"column":11},"end":{"line":31,"column":12}},"loc":{"start":{"line":31,"column":18},"end":{"line":34,"column":5}},"line":31}},"branchMap":{"0":{"loc":{"start":{"line":17,"column":2},"end":{"line":17,"column":111}},"type":"if","locations":[{"start":{"line":17,"column":2},"end":{"line":17,"column":111}},{"start":{"line":17,"column":2},"end":{"line":17,"column":111}}],"line":17},"1":{"loc":{"start":{"line":17,"column":6},"end":{"line":17,"column":71}},"type":"binary-expr","locations":[{"start":{"line":17,"column":6},"end":{"line":17,"column":15}},{"start":{"line":17,"column":19},"end":{"line":17,"column":25}},{"start":{"line":17,"column":29},"end":{"line":17,"column":50}},{"start":{"line":17,"column":54},"end":{"line":17,"column":71}}],"line":17},"2":{"loc":{"start":{"line":24,"column":55},"end":{"line":24,"column":96}},"type":"cond-expr","locations":[{"start":{"line":24,"column":75},"end":{"line":24,"column":92}},{"start":{"line":24,"column":95},"end":{"line":24,"column":96}}],"line":24},"3":{"loc":{"start":{"line":32,"column":6},"end":{"line":32,"column":37}},"type":"if","locations":[{"start":{"line":32,"column":6},"end":{"line":32,"column":37}},{"start":{"line":32,"column":6},"end":{"line":32,"column":37}}],"line":32}},"s":{"0":2,"1":2,"2":2,"3":3,"4":3,"5":3,"6":1,"7":2,"8":2,"9":4,"10":4,"11":2,"12":1,"13":1,"14":1,"15":1,"16":0,"17":2},"f":{"0":3,"1":1,"2":1},"b":{"0":[1,2],"1":[3,3,2,2],"2":[2,2],"3":[1,0]},"_coverageSchema":"332fd63041d2c1bcb487cc26dd0d5f7d97098a6c","hash":"b26935aa3200c73c375a29a452a765c420d545ef"}
,"/home/luong.ngoc.phuc/Desktop/work/personal/web-app/src/hooks/before/token/createMakeToken.js": {"path":"/home/luong.ngoc.phuc/Desktop/work/personal/web-app/src/hooks/before/token/createMakeToken.js","statementMap":{"0":{"start":{"line":1,"column":15},"end":{"line":1,"column":54}},"1":{"start":{"line":2,"column":14},"end":{"line":2,"column":50}},"2":{"start":{"line":10,"column":20},"end":{"line":24,"column":1}},"3":{"start":{"line":11,"column":19},"end":{"line":11,"column":26}},"4":{"start":{"line":12,"column":2},"end":{"line":12,"column":108}},"5":{"start":{"line":12,"column":70},"end":{"line":12,"column":108}},"6":{"start":{"line":13,"column":2},"end":{"line":23,"column":7}},"7":{"start":{"line":17,"column":6},"end":{"line":17,"column":29}},"8":{"start":{"line":18,"column":6},"end":{"line":18,"column":21}},"9":{"start":{"line":21,"column":6},"end":{"line":21,"column":37}},"10":{"start":{"line":21,"column":15},"end":{"line":21,"column":37}},"11":{"start":{"line":22,"column":6},"end":{"line":22,"column":55}},"12":{"start":{"line":26,"column":0},"end":{"line":26,"column":33}}},"fnMap":{"0":{"name":"(anonymous_0)","decl":{"start":{"line":10,"column":20},"end":{"line":10,"column":21}},"loc":{"start":{"line":10,"column":37},"end":{"line":24,"column":1}},"line":10},"1":{"name":"(anonymous_1)","decl":{"start":{"line":16,"column":10},"end":{"line":16,"column":11}},"loc":{"start":{"line":16,"column":19},"end":{"line":19,"column":5}},"line":16},"2":{"name":"(anonymous_2)","decl":{"start":{"line":20,"column":11},"end":{"line":20,"column":12}},"loc":{"start":{"line":20,"column":18},"end":{"line":23,"column":5}},"line":20}},"branchMap":{"0":{"loc":{"start":{"line":12,"column":2},"end":{"line":12,"column":108}},"type":"if","locations":[{"start":{"line":12,"column":2},"end":{"line":12,"column":108}},{"start":{"line":12,"column":2},"end":{"line":12,"column":108}}],"line":12},"1":{"loc":{"start":{"line":12,"column":6},"end":{"line":12,"column":68}},"type":"binary-expr","locations":[{"start":{"line":12,"column":6},"end":{"line":12,"column":18}},{"start":{"line":12,"column":22},"end":{"line":12,"column":37}},{"start":{"line":12,"column":41},"end":{"line":12,"column":55}},{"start":{"line":12,"column":59},"end":{"line":12,"column":68}}],"line":12},"2":{"loc":{"start":{"line":21,"column":6},"end":{"line":21,"column":37}},"type":"if","locations":[{"start":{"line":21,"column":6},"end":{"line":21,"column":37}},{"start":{"line":21,"column":6},"end":{"line":21,"column":37}}],"line":21}},"s":{"0":2,"1":2,"2":2,"3":3,"4":3,"5":1,"6":2,"7":1,"8":1,"9":1,"10":1,"11":0,"12":2},"f":{"0":3,"1":1,"2":1},"b":{"0":[1,2],"1":[3,2,2,2],"2":[1,0]},"_coverageSchema":"332fd63041d2c1bcb487cc26dd0d5f7d97098a6c","hash":"a6e54c849dff9b64a12f8671b43a775b8ab73916"}
,"/home/luong.ngoc.phuc/Desktop/work/personal/web-app/src/hooks/before/user/createdValidUser.js": {"path":"/home/luong.ngoc.phuc/Desktop/work/personal/web-app/src/hooks/before/user/createdValidUser.js","statementMap":{"0":{"start":{"line":1,"column":17},"end":{"line":1,"column":55}},"1":{"start":{"line":2,"column":33},"end":{"line":2,"column":62}},"2":{"start":{"line":3,"column":49},"end":{"line":3,"column":88}},"3":{"start":{"line":5,"column":18},"end":{"line":17,"column":1}},"4":{"start":{"line":6,"column":19},"end":{"line":6,"column":26}},"5":{"start":{"line":7,"column":2},"end":{"line":7,"column":67}},"6":{"start":{"line":7,"column":22},"end":{"line":7,"column":67}},"7":{"start":{"line":9,"column":19},"end":{"line":13,"column":4}},"8":{"start":{"line":15,"column":2},"end":{"line":15,"column":65}},"9":{"start":{"line":15,"column":22},"end":{"line":15,"column":65}},"10":{"start":{"line":16,"column":2},"end":{"line":16,"column":17}},"11":{"start":{"line":19,"column":0},"end":{"line":19,"column":31}}},"fnMap":{"0":{"name":"(anonymous_0)","decl":{"start":{"line":5,"column":18},"end":{"line":5,"column":19}},"loc":{"start":{"line":5,"column":35},"end":{"line":17,"column":1}},"line":5}},"branchMap":{"0":{"loc":{"start":{"line":7,"column":2},"end":{"line":7,"column":67}},"type":"if","locations":[{"start":{"line":7,"column":2},"end":{"line":7,"column":67}},{"start":{"line":7,"column":2},"end":{"line":7,"column":67}}],"line":7},"1":{"loc":{"start":{"line":15,"column":2},"end":{"line":15,"column":65}},"type":"if","locations":[{"start":{"line":15,"column":2},"end":{"line":15,"column":65}},{"start":{"line":15,"column":2},"end":{"line":15,"column":65}}],"line":15}},"s":{"0":2,"1":2,"2":2,"3":2,"4":3,"5":3,"6":1,"7":2,"8":2,"9":1,"10":1,"11":2},"f":{"0":3},"b":{"0":[1,2],"1":[1,1]},"_coverageSchema":"332fd63041d2c1bcb487cc26dd0d5f7d97098a6c","hash":"9c58d0725472c6d162e326cbcd75e68b5e572815"}
,"/home/luong.ngoc.phuc/Desktop/work/personal/web-app/src/middleware/index.js": {"path":"/home/luong.ngoc.phuc/Desktop/work/personal/web-app/src/middleware/index.js","statementMap":{"0":{"start":{"line":2,"column":0},"end":{"line":5,"column":2}}},"fnMap":{"0":{"name":"(anonymous_0)","decl":{"start":{"line":2,"column":17},"end":{"line":2,"column":18}},"loc":{"start":{"line":2,"column":32},"end":{"line":5,"column":1}},"line":2}},"branchMap":{},"s":{"0":1},"f":{"0":1},"b":{},"_coverageSchema":"332fd63041d2c1bcb487cc26dd0d5f7d97098a6c","hash":"7157082c061e51c23dca73e2cf7a7c7af45838ef"}
,"/home/luong.ngoc.phuc/Desktop/work/personal/web-app/src/models/cart.model.js": {"path":"/home/luong.ngoc.phuc/Desktop/work/personal/web-app/src/models/cart.model.js","statementMap":{"0":{"start":{"line":5,"column":0},"end":{"line":18,"column":2}},"1":{"start":{"line":6,"column":25},"end":{"line":6,"column":50}},"2":{"start":{"line":7,"column":21},"end":{"line":7,"column":35}},"3":{"start":{"line":8,"column":15},"end":{"line":15,"column":6}},"4":{"start":{"line":17,"column":2},"end":{"line":17,"column":44}}},"fnMap":{"0":{"name":"(anonymous_0)","decl":{"start":{"line":5,"column":17},"end":{"line":5,"column":18}},"loc":{"start":{"line":5,"column":32},"end":{"line":18,"column":1}},"line":5}},"branchMap":{},"s":{"0":1,"1":1,"2":1,"3":1,"4":1},"f":{"0":1},"b":{},"_coverageSchema":"332fd63041d2c1bcb487cc26dd0d5f7d97098a6c","hash":"76a31ebe4cf5cb60f028c7235374852431f607ed"}
,"/home/luong.ngoc.phuc/Desktop/work/personal/web-app/src/models/goods.model.js": {"path":"/home/luong.ngoc.phuc/Desktop/work/personal/web-app/src/models/goods.model.js","statementMap":{"0":{"start":{"line":5,"column":0},"end":{"line":19,"column":2}},"1":{"start":{"line":6,"column":25},"end":{"line":6,"column":50}},"2":{"start":{"line":7,"column":21},"end":{"line":7,"column":35}},"3":{"start":{"line":8,"column":16},"end":{"line":16,"column":6}},"4":{"start":{"line":18,"column":2},"end":{"line":18,"column":46}}},"fnMap":{"0":{"name":"(anonymous_0)","decl":{"start":{"line":5,"column":17},"end":{"line":5,"column":18}},"loc":{"start":{"line":5,"column":32},"end":{"line":19,"column":1}},"line":5}},"branchMap":{},"s":{"0":1,"1":1,"2":1,"3":1,"4":1},"f":{"0":1},"b":{},"_coverageSchema":"332fd63041d2c1bcb487cc26dd0d5f7d97098a6c","hash":"bc30d0522e4a5cb3e5363d868d7471b4500a42a3"}
,"/home/luong.ngoc.phuc/Desktop/work/personal/web-app/src/models/user.model.js": {"path":"/home/luong.ngoc.phuc/Desktop/work/personal/web-app/src/models/user.model.js","statementMap":{"0":{"start":{"line":5,"column":0},"end":{"line":18,"column":2}},"1":{"start":{"line":6,"column":25},"end":{"line":6,"column":50}},"2":{"start":{"line":7,"column":21},"end":{"line":7,"column":35}},"3":{"start":{"line":8,"column":15},"end":{"line":15,"column":6}},"4":{"start":{"line":17,"column":2},"end":{"line":17,"column":44}}},"fnMap":{"0":{"name":"(anonymous_0)","decl":{"start":{"line":5,"column":17},"end":{"line":5,"column":18}},"loc":{"start":{"line":5,"column":32},"end":{"line":18,"column":1}},"line":5}},"branchMap":{},"s":{"0":1,"1":1,"2":1,"3":1,"4":1},"f":{"0":1},"b":{},"_coverageSchema":"332fd63041d2c1bcb487cc26dd0d5f7d97098a6c","hash":"978c316e38c49e31d76b000d718aa71e2879fd5e"}
,"/home/luong.ngoc.phuc/Desktop/work/personal/web-app/src/services/index.js": {"path":"/home/luong.ngoc.phuc/Desktop/work/personal/web-app/src/services/index.js","statementMap":{"0":{"start":{"line":1,"column":13},"end":{"line":1,"column":46}},"1":{"start":{"line":2,"column":15},"end":{"line":2,"column":52}},"2":{"start":{"line":3,"column":13},"end":{"line":3,"column":46}},"3":{"start":{"line":4,"column":14},"end":{"line":4,"column":49}},"4":{"start":{"line":5,"column":17},"end":{"line":5,"column":58}},"5":{"start":{"line":6,"column":14},"end":{"line":6,"column":49}},"6":{"start":{"line":7,"column":18},"end":{"line":7,"column":61}},"7":{"start":{"line":8,"column":15},"end":{"line":8,"column":52}},"8":{"start":{"line":9,"column":22},"end":{"line":9,"column":73}},"9":{"start":{"line":11,"column":0},"end":{"line":21,"column":2}},"10":{"start":{"line":12,"column":2},"end":{"line":12,"column":22}},"11":{"start":{"line":13,"column":2},"end":{"line":13,"column":24}},"12":{"start":{"line":14,"column":2},"end":{"line":14,"column":22}},"13":{"start":{"line":15,"column":2},"end":{"line":15,"column":23}},"14":{"start":{"line":16,"column":2},"end":{"line":16,"column":26}},"15":{"start":{"line":17,"column":2},"end":{"line":17,"column":23}},"16":{"start":{"line":18,"column":2},"end":{"line":18,"column":27}},"17":{"start":{"line":19,"column":2},"end":{"line":19,"column":24}},"18":{"start":{"line":20,"column":2},"end":{"line":20,"column":31}}},"fnMap":{"0":{"name":"(anonymous_0)","decl":{"start":{"line":11,"column":17},"end":{"line":11,"column":18}},"loc":{"start":{"line":11,"column":32},"end":{"line":21,"column":1}},"line":11}},"branchMap":{},"s":{"0":1,"1":1,"2":1,"3":1,"4":1,"5":1,"6":1,"7":1,"8":1,"9":1,"10":1,"11":1,"12":1,"13":1,"14":1,"15":1,"16":1,"17":1,"18":1},"f":{"0":1},"b":{},"_coverageSchema":"332fd63041d2c1bcb487cc26dd0d5f7d97098a6c","hash":"02681779348ee751f8e01bd0925ddd9155fb9279"}
,"/home/luong.ngoc.phuc/Desktop/work/personal/web-app/src/services/cart/cart.hooks.js": {"path":"/home/luong.ngoc.phuc/Desktop/work/personal/web-app/src/services/cart/cart.hooks.js","statementMap":{"0":{"start":{"line":1,"column":21},"end":{"line":1,"column":53}},"1":{"start":{"line":2,"column":25},"end":{"line":2,"column":82}},"2":{"start":{"line":3,"column":23},"end":{"line":3,"column":78}},"3":{"start":{"line":5,"column":0},"end":{"line":35,"column":2}}},"fnMap":{},"branchMap":{},"s":{"0":1,"1":1,"2":1,"3":1},"f":{},"b":{},"_coverageSchema":"332fd63041d2c1bcb487cc26dd0d5f7d97098a6c","hash":"073d8d08d6d1cdda42680308eb7e31da1857c582"}
,"/home/luong.ngoc.phuc/Desktop/work/personal/web-app/src/services/cart/cart.service.js": {"path":"/home/luong.ngoc.phuc/Desktop/work/personal/web-app/src/services/cart/cart.service.js","statementMap":{"0":{"start":{"line":2,"column":22},"end":{"line":2,"column":50}},"1":{"start":{"line":3,"column":20},"end":{"line":3,"column":54}},"2":{"start":{"line":4,"column":14},"end":{"line":4,"column":37}},"3":{"start":{"line":5,"column":17},"end":{"line":5,"column":55}},"4":{"start":{"line":8,"column":0},"end":{"line":24,"column":2}},"5":{"start":{"line":9,"column":16},"end":{"line":9,"column":32}},"6":{"start":{"line":10,"column":19},"end":{"line":10,"column":38}},"7":{"start":{"line":12,"column":18},"end":{"line":15,"column":3}},"8":{"start":{"line":18,"column":2},"end":{"line":18,"column":46}},"9":{"start":{"line":21,"column":18},"end":{"line":21,"column":37}},"10":{"start":{"line":23,"column":2},"end":{"line":23,"column":23}}},"fnMap":{"0":{"name":"(anonymous_0)","decl":{"start":{"line":8,"column":17},"end":{"line":8,"column":18}},"loc":{"start":{"line":8,"column":32},"end":{"line":24,"column":1}},"line":8}},"branchMap":{},"s":{"0":1,"1":1,"2":1,"3":1,"4":1,"5":1,"6":1,"7":1,"8":1,"9":1,"10":1},"f":{"0":1},"b":{},"_coverageSchema":"332fd63041d2c1bcb487cc26dd0d5f7d97098a6c","hash":"dad7a88553f60bcc7043a0731e20e3f08840224d"}
,"/home/luong.ngoc.phuc/Desktop/work/personal/web-app/src/services/charge/charge.class.js": {"path":"/home/luong.ngoc.phuc/Desktop/work/personal/web-app/src/services/charge/charge.class.js","statementMap":{"0":{"start":{"line":4,"column":4},"end":{"line":4,"column":33}},"1":{"start":{"line":8,"column":4},"end":{"line":8,"column":14}},"2":{"start":{"line":12,"column":4},"end":{"line":14,"column":6}},"3":{"start":{"line":18,"column":4},"end":{"line":20,"column":5}},"4":{"start":{"line":19,"column":6},"end":{"line":19,"column":76}},"5":{"start":{"line":19,"column":45},"end":{"line":19,"column":73}},"6":{"start":{"line":22,"column":4},"end":{"line":22,"column":16}},"7":{"start":{"line":26,"column":4},"end":{"line":26,"column":16}},"8":{"start":{"line":30,"column":4},"end":{"line":30,"column":16}},"9":{"start":{"line":34,"column":4},"end":{"line":34,"column":18}},"10":{"start":{"line":38,"column":0},"end":{"line":40,"column":2}},"11":{"start":{"line":39,"column":2},"end":{"line":39,"column":30}},"12":{"start":{"line":42,"column":0},"end":{"line":42,"column":33}}},"fnMap":{"0":{"name":"(anonymous_0)","decl":{"start":{"line":3,"column":2},"end":{"line":3,"column":3}},"loc":{"start":{"line":3,"column":24},"end":{"line":5,"column":3}},"line":3},"1":{"name":"(anonymous_1)","decl":{"start":{"line":7,"column":2},"end":{"line":7,"column":3}},"loc":{"start":{"line":7,"column":22},"end":{"line":9,"column":3}},"line":7},"2":{"name":"(anonymous_2)","decl":{"start":{"line":11,"column":2},"end":{"line":11,"column":3}},"loc":{"start":{"line":11,"column":25},"end":{"line":15,"column":3}},"line":11},"3":{"name":"(anonymous_3)","decl":{"start":{"line":17,"column":2},"end":{"line":17,"column":3}},"loc":{"start":{"line":17,"column":30},"end":{"line":23,"column":3}},"line":17},"4":{"name":"(anonymous_4)","decl":{"start":{"line":19,"column":34},"end":{"line":19,"column":35}},"loc":{"start":{"line":19,"column":45},"end":{"line":19,"column":73}},"line":19},"5":{"name":"(anonymous_5)","decl":{"start":{"line":25,"column":2},"end":{"line":25,"column":3}},"loc":{"start":{"line":25,"column":34},"end":{"line":27,"column":3}},"line":25},"6":{"name":"(anonymous_6)","decl":{"start":{"line":29,"column":2},"end":{"line":29,"column":3}},"loc":{"start":{"line":29,"column":33},"end":{"line":31,"column":3}},"line":29},"7":{"name":"(anonymous_7)","decl":{"start":{"line":33,"column":2},"end":{"line":33,"column":3}},"loc":{"start":{"line":33,"column":28},"end":{"line":35,"column":3}},"line":33},"8":{"name":"(anonymous_8)","decl":{"start":{"line":38,"column":17},"end":{"line":38,"column":18}},"loc":{"start":{"line":38,"column":36},"end":{"line":40,"column":1}},"line":38}},"branchMap":{"0":{"loc":{"start":{"line":4,"column":19},"end":{"line":4,"column":32}},"type":"binary-expr","locations":[{"start":{"line":4,"column":19},"end":{"line":4,"column":26}},{"start":{"line":4,"column":30},"end":{"line":4,"column":32}}],"line":4},"1":{"loc":{"start":{"line":18,"column":4},"end":{"line":20,"column":5}},"type":"if","locations":[{"start":{"line":18,"column":4},"end":{"line":20,"column":5}},{"start":{"line":18,"column":4},"end":{"line":20,"column":5}}],"line":18}},"s":{"0":1,"1":0,"2":0,"3":0,"4":0,"5":0,"6":0,"7":0,"8":0,"9":0,"10":1,"11":1,"12":1},"f":{"0":1,"1":0,"2":0,"3":0,"4":0,"5":0,"6":0,"7":0,"8":1},"b":{"0":[1,0],"1":[0,0]},"_coverageSchema":"332fd63041d2c1bcb487cc26dd0d5f7d97098a6c","hash":"6ec899b2636c93864f8ddc4678a90a410236a2e8"}
,"/home/luong.ngoc.phuc/Desktop/work/personal/web-app/src/services/charge/charge.hooks.js": {"path":"/home/luong.ngoc.phuc/Desktop/work/personal/web-app/src/services/charge/charge.hooks.js","statementMap":{"0":{"start":{"line":2,"column":26},"end":{"line":2,"column":86}},"1":{"start":{"line":3,"column":20},"end":{"line":3,"column":73}},"2":{"start":{"line":5,"column":0},"end":{"line":35,"column":2}}},"fnMap":{},"branchMap":{},"s":{"0":1,"1":1,"2":1},"f":{},"b":{},"_coverageSchema":"332fd63041d2c1bcb487cc26dd0d5f7d97098a6c","hash":"2c9ca87a0b419bc2fcd8deef38c3dc81f2bffb31"}
,"/home/luong.ngoc.phuc/Desktop/work/personal/web-app/src/services/charge/charge.service.js": {"path":"/home/luong.ngoc.phuc/Desktop/work/personal/web-app/src/services/charge/charge.service.js","statementMap":{"0":{"start":{"line":2,"column":22},"end":{"line":2,"column":50}},"1":{"start":{"line":3,"column":14},"end":{"line":3,"column":39}},"2":{"start":{"line":4,"column":19},"end":{"line":4,"column":57}},"3":{"start":{"line":7,"column":0},"end":{"line":22,"column":2}},"4":{"start":{"line":9,"column":19},"end":{"line":9,"column":38}},"5":{"start":{"line":11,"column":18},"end":{"line":13,"column":3}},"6":{"start":{"line":16,"column":2},"end":{"line":16,"column":48}},"7":{"start":{"line":19,"column":18},"end":{"line":19,"column":39}},"8":{"start":{"line":21,"column":2},"end":{"line":21,"column":23}}},"fnMap":{"0":{"name":"(anonymous_0)","decl":{"start":{"line":7,"column":17},"end":{"line":7,"column":18}},"loc":{"start":{"line":7,"column":32},"end":{"line":22,"column":1}},"line":7}},"branchMap":{},"s":{"0":1,"1":1,"2":1,"3":1,"4":1,"5":1,"6":1,"7":1,"8":1},"f":{"0":1},"b":{},"_coverageSchema":"332fd63041d2c1bcb487cc26dd0d5f7d97098a6c","hash":"23526372edb507f9c00b58853d4224ebdbdeeec9"}
,"/home/luong.ngoc.phuc/Desktop/work/personal/web-app/src/services/customers/customers.class.js": {"path":"/home/luong.ngoc.phuc/Desktop/work/personal/web-app/src/services/customers/customers.class.js","statementMap":{"0":{"start":{"line":4,"column":4},"end":{"line":4,"column":33}},"1":{"start":{"line":8,"column":4},"end":{"line":8,"column":14}},"2":{"start":{"line":12,"column":4},"end":{"line":14,"column":6}},"3":{"start":{"line":18,"column":4},"end":{"line":20,"column":5}},"4":{"start":{"line":19,"column":6},"end":{"line":19,"column":76}},"5":{"start":{"line":19,"column":45},"end":{"line":19,"column":73}},"6":{"start":{"line":22,"column":4},"end":{"line":22,"column":16}},"7":{"start":{"line":26,"column":4},"end":{"line":26,"column":16}},"8":{"start":{"line":30,"column":4},"end":{"line":30,"column":16}},"9":{"start":{"line":34,"column":4},"end":{"line":34,"column":18}},"10":{"start":{"line":38,"column":0},"end":{"line":40,"column":2}},"11":{"start":{"line":39,"column":2},"end":{"line":39,"column":30}},"12":{"start":{"line":42,"column":0},"end":{"line":42,"column":33}}},"fnMap":{"0":{"name":"(anonymous_0)","decl":{"start":{"line":3,"column":2},"end":{"line":3,"column":3}},"loc":{"start":{"line":3,"column":24},"end":{"line":5,"column":3}},"line":3},"1":{"name":"(anonymous_1)","decl":{"start":{"line":7,"column":2},"end":{"line":7,"column":3}},"loc":{"start":{"line":7,"column":22},"end":{"line":9,"column":3}},"line":7},"2":{"name":"(anonymous_2)","decl":{"start":{"line":11,"column":2},"end":{"line":11,"column":3}},"loc":{"start":{"line":11,"column":25},"end":{"line":15,"column":3}},"line":11},"3":{"name":"(anonymous_3)","decl":{"start":{"line":17,"column":2},"end":{"line":17,"column":3}},"loc":{"start":{"line":17,"column":30},"end":{"line":23,"column":3}},"line":17},"4":{"name":"(anonymous_4)","decl":{"start":{"line":19,"column":34},"end":{"line":19,"column":35}},"loc":{"start":{"line":19,"column":45},"end":{"line":19,"column":73}},"line":19},"5":{"name":"(anonymous_5)","decl":{"start":{"line":25,"column":2},"end":{"line":25,"column":3}},"loc":{"start":{"line":25,"column":34},"end":{"line":27,"column":3}},"line":25},"6":{"name":"(anonymous_6)","decl":{"start":{"line":29,"column":2},"end":{"line":29,"column":3}},"loc":{"start":{"line":29,"column":33},"end":{"line":31,"column":3}},"line":29},"7":{"name":"(anonymous_7)","decl":{"start":{"line":33,"column":2},"end":{"line":33,"column":3}},"loc":{"start":{"line":33,"column":28},"end":{"line":35,"column":3}},"line":33},"8":{"name":"(anonymous_8)","decl":{"start":{"line":38,"column":17},"end":{"line":38,"column":18}},"loc":{"start":{"line":38,"column":36},"end":{"line":40,"column":1}},"line":38}},"branchMap":{"0":{"loc":{"start":{"line":4,"column":19},"end":{"line":4,"column":32}},"type":"binary-expr","locations":[{"start":{"line":4,"column":19},"end":{"line":4,"column":26}},{"start":{"line":4,"column":30},"end":{"line":4,"column":32}}],"line":4},"1":{"loc":{"start":{"line":18,"column":4},"end":{"line":20,"column":5}},"type":"if","locations":[{"start":{"line":18,"column":4},"end":{"line":20,"column":5}},{"start":{"line":18,"column":4},"end":{"line":20,"column":5}}],"line":18}},"s":{"0":1,"1":0,"2":0,"3":0,"4":0,"5":0,"6":0,"7":0,"8":0,"9":0,"10":1,"11":1,"12":1},"f":{"0":1,"1":0,"2":0,"3":0,"4":0,"5":0,"6":0,"7":0,"8":1},"b":{"0":[1,0],"1":[0,0]},"_coverageSchema":"332fd63041d2c1bcb487cc26dd0d5f7d97098a6c","hash":"d001f5b1a64a3275ef72bd188314158cdcb9661f"}
,"/home/luong.ngoc.phuc/Desktop/work/personal/web-app/src/services/customers/customers.hooks.js": {"path":"/home/luong.ngoc.phuc/Desktop/work/personal/web-app/src/services/customers/customers.hooks.js","statementMap":{"0":{"start":{"line":1,"column":21},"end":{"line":1,"column":53}},"1":{"start":{"line":2,"column":25},"end":{"line":2,"column":78}},"2":{"start":{"line":3,"column":27},"end":{"line":3,"column":86}},"3":{"start":{"line":4,"column":27},"end":{"line":4,"column":87}},"4":{"start":{"line":5,"column":0},"end":{"line":35,"column":2}}},"fnMap":{},"branchMap":{},"s":{"0":1,"1":1,"2":1,"3":1,"4":1},"f":{},"b":{},"_coverageSchema":"332fd63041d2c1bcb487cc26dd0d5f7d97098a6c","hash":"6529256f71feea5c40f43e0a5f549b3d6ce9e96a"}
,"/home/luong.ngoc.phuc/Desktop/work/personal/web-app/src/services/customers/customers.service.js": {"path":"/home/luong.ngoc.phuc/Desktop/work/personal/web-app/src/services/customers/customers.service.js","statementMap":{"0":{"start":{"line":2,"column":22},"end":{"line":2,"column":53}},"1":{"start":{"line":3,"column":14},"end":{"line":3,"column":42}},"2":{"start":{"line":5,"column":0},"end":{"line":20,"column":2}},"3":{"start":{"line":7,"column":19},"end":{"line":7,"column":38}},"4":{"start":{"line":9,"column":18},"end":{"line":11,"column":3}},"5":{"start":{"line":14,"column":2},"end":{"line":14,"column":48}},"6":{"start":{"line":17,"column":18},"end":{"line":17,"column":42}},"7":{"start":{"line":19,"column":2},"end":{"line":19,"column":23}}},"fnMap":{"0":{"name":"(anonymous_0)","decl":{"start":{"line":5,"column":17},"end":{"line":5,"column":18}},"loc":{"start":{"line":5,"column":32},"end":{"line":20,"column":1}},"line":5}},"branchMap":{},"s":{"0":1,"1":1,"2":1,"3":1,"4":1,"5":1,"6":1,"7":1},"f":{"0":1},"b":{},"_coverageSchema":"332fd63041d2c1bcb487cc26dd0d5f7d97098a6c","hash":"5d59c4d4e6c79422a3e7ccd155772da3f1659538"}
,"/home/luong.ngoc.phuc/Desktop/work/personal/web-app/src/services/goods/goods.hooks.js": {"path":"/home/luong.ngoc.phuc/Desktop/work/personal/web-app/src/services/goods/goods.hooks.js","statementMap":{"0":{"start":{"line":3,"column":0},"end":{"line":33,"column":2}}},"fnMap":{},"branchMap":{},"s":{"0":1},"f":{},"b":{},"_coverageSchema":"332fd63041d2c1bcb487cc26dd0d5f7d97098a6c","hash":"f192b4202d57d9cb67c35d052e7c7091624c1249"}
,"/home/luong.ngoc.phuc/Desktop/work/personal/web-app/src/services/goods/goods.service.js": {"path":"/home/luong.ngoc.phuc/Desktop/work/personal/web-app/src/services/goods/goods.service.js","statementMap":{"0":{"start":{"line":2,"column":22},"end":{"line":2,"column":50}},"1":{"start":{"line":3,"column":20},"end":{"line":3,"column":55}},"2":{"start":{"line":4,"column":14},"end":{"line":4,"column":38}},"3":{"start":{"line":5,"column":18},"end":{"line":5,"column":56}},"4":{"start":{"line":8,"column":0},"end":{"line":24,"column":2}},"5":{"start":{"line":9,"column":16},"end":{"line":9,"column":32}},"6":{"start":{"line":10,"column":19},"end":{"line":10,"column":38}},"7":{"start":{"line":12,"column":18},"end":{"line":15,"column":3}},"8":{"start":{"line":18,"column":2},"end":{"line":18,"column":47}},"9":{"start":{"line":21,"column":18},"end":{"line":21,"column":38}},"10":{"start":{"line":23,"column":2},"end":{"line":23,"column":23}}},"fnMap":{"0":{"name":"(anonymous_0)","decl":{"start":{"line":8,"column":17},"end":{"line":8,"column":18}},"loc":{"start":{"line":8,"column":32},"end":{"line":24,"column":1}},"line":8}},"branchMap":{},"s":{"0":1,"1":1,"2":1,"3":1,"4":1,"5":1,"6":1,"7":1,"8":1,"9":1,"10":1},"f":{"0":1},"b":{},"_coverageSchema":"332fd63041d2c1bcb487cc26dd0d5f7d97098a6c","hash":"c1c66e070a3f1106058702e38147c03667036516"}
,"/home/luong.ngoc.phuc/Desktop/work/personal/web-app/src/services/plans/plans.class.js": {"path":"/home/luong.ngoc.phuc/Desktop/work/personal/web-app/src/services/plans/plans.class.js","statementMap":{"0":{"start":{"line":4,"column":4},"end":{"line":4,"column":33}},"1":{"start":{"line":8,"column":4},"end":{"line":8,"column":14}},"2":{"start":{"line":12,"column":4},"end":{"line":14,"column":6}},"3":{"start":{"line":18,"column":4},"end":{"line":20,"column":5}},"4":{"start":{"line":19,"column":6},"end":{"line":19,"column":76}},"5":{"start":{"line":19,"column":45},"end":{"line":19,"column":73}},"6":{"start":{"line":22,"column":4},"end":{"line":22,"column":16}},"7":{"start":{"line":26,"column":4},"end":{"line":26,"column":16}},"8":{"start":{"line":30,"column":4},"end":{"line":30,"column":16}},"9":{"start":{"line":34,"column":4},"end":{"line":34,"column":18}},"10":{"start":{"line":38,"column":0},"end":{"line":40,"column":2}},"11":{"start":{"line":39,"column":2},"end":{"line":39,"column":30}},"12":{"start":{"line":42,"column":0},"end":{"line":42,"column":33}}},"fnMap":{"0":{"name":"(anonymous_0)","decl":{"start":{"line":3,"column":2},"end":{"line":3,"column":3}},"loc":{"start":{"line":3,"column":24},"end":{"line":5,"column":3}},"line":3},"1":{"name":"(anonymous_1)","decl":{"start":{"line":7,"column":2},"end":{"line":7,"column":3}},"loc":{"start":{"line":7,"column":22},"end":{"line":9,"column":3}},"line":7},"2":{"name":"(anonymous_2)","decl":{"start":{"line":11,"column":2},"end":{"line":11,"column":3}},"loc":{"start":{"line":11,"column":25},"end":{"line":15,"column":3}},"line":11},"3":{"name":"(anonymous_3)","decl":{"start":{"line":17,"column":2},"end":{"line":17,"column":3}},"loc":{"start":{"line":17,"column":30},"end":{"line":23,"column":3}},"line":17},"4":{"name":"(anonymous_4)","decl":{"start":{"line":19,"column":34},"end":{"line":19,"column":35}},"loc":{"start":{"line":19,"column":45},"end":{"line":19,"column":73}},"line":19},"5":{"name":"(anonymous_5)","decl":{"start":{"line":25,"column":2},"end":{"line":25,"column":3}},"loc":{"start":{"line":25,"column":34},"end":{"line":27,"column":3}},"line":25},"6":{"name":"(anonymous_6)","decl":{"start":{"line":29,"column":2},"end":{"line":29,"column":3}},"loc":{"start":{"line":29,"column":33},"end":{"line":31,"column":3}},"line":29},"7":{"name":"(anonymous_7)","decl":{"start":{"line":33,"column":2},"end":{"line":33,"column":3}},"loc":{"start":{"line":33,"column":28},"end":{"line":35,"column":3}},"line":33},"8":{"name":"(anonymous_8)","decl":{"start":{"line":38,"column":17},"end":{"line":38,"column":18}},"loc":{"start":{"line":38,"column":36},"end":{"line":40,"column":1}},"line":38}},"branchMap":{"0":{"loc":{"start":{"line":4,"column":19},"end":{"line":4,"column":32}},"type":"binary-expr","locations":[{"start":{"line":4,"column":19},"end":{"line":4,"column":26}},{"start":{"line":4,"column":30},"end":{"line":4,"column":32}}],"line":4},"1":{"loc":{"start":{"line":18,"column":4},"end":{"line":20,"column":5}},"type":"if","locations":[{"start":{"line":18,"column":4},"end":{"line":20,"column":5}},{"start":{"line":18,"column":4},"end":{"line":20,"column":5}}],"line":18}},"s":{"0":1,"1":0,"2":0,"3":0,"4":0,"5":0,"6":0,"7":0,"8":0,"9":0,"10":1,"11":1,"12":1},"f":{"0":1,"1":0,"2":0,"3":0,"4":0,"5":0,"6":0,"7":0,"8":1},"b":{"0":[1,0],"1":[0,0]},"_coverageSchema":"332fd63041d2c1bcb487cc26dd0d5f7d97098a6c","hash":"51cc21ab088dde3196d970de319a76ccb482514e"}
,"/home/luong.ngoc.phuc/Desktop/work/personal/web-app/src/services/plans/plans.hooks.js": {"path":"/home/luong.ngoc.phuc/Desktop/work/personal/web-app/src/services/plans/plans.hooks.js","statementMap":{"0":{"start":{"line":1,"column":23},"end":{"line":1,"column":75}},"1":{"start":{"line":2,"column":21},"end":{"line":2,"column":66}},"2":{"start":{"line":3,"column":24},"end":{"line":3,"column":75}},"3":{"start":{"line":4,"column":0},"end":{"line":34,"column":2}}},"fnMap":{},"branchMap":{},"s":{"0":1,"1":1,"2":1,"3":1},"f":{},"b":{},"_coverageSchema":"332fd63041d2c1bcb487cc26dd0d5f7d97098a6c","hash":"e48a4a7c27fa4cd39e93afea937686321653238b"}
,"/home/luong.ngoc.phuc/Desktop/work/personal/web-app/src/services/plans/plans.service.js": {"path":"/home/luong.ngoc.phuc/Desktop/work/personal/web-app/src/services/plans/plans.service.js","statementMap":{"0":{"start":{"line":2,"column":22},"end":{"line":2,"column":49}},"1":{"start":{"line":3,"column":14},"end":{"line":3,"column":38}},"2":{"start":{"line":5,"column":0},"end":{"line":20,"column":2}},"3":{"start":{"line":7,"column":19},"end":{"line":7,"column":38}},"4":{"start":{"line":9,"column":18},"end":{"line":11,"column":3}},"5":{"start":{"line":14,"column":2},"end":{"line":14,"column":44}},"6":{"start":{"line":17,"column":18},"end":{"line":17,"column":38}},"7":{"start":{"line":19,"column":2},"end":{"line":19,"column":23}}},"fnMap":{"0":{"name":"(anonymous_0)","decl":{"start":{"line":5,"column":17},"end":{"line":5,"column":18}},"loc":{"start":{"line":5,"column":32},"end":{"line":20,"column":1}},"line":5}},"branchMap":{},"s":{"0":1,"1":1,"2":1,"3":1,"4":1,"5":1,"6":1,"7":1},"f":{"0":1},"b":{},"_coverageSchema":"332fd63041d2c1bcb487cc26dd0d5f7d97098a6c","hash":"2df7f1c381b51eda03d6f4ceb721adf37a40cbb3"}
,"/home/luong.ngoc.phuc/Desktop/work/personal/web-app/src/services/products/products.class.js": {"path":"/home/luong.ngoc.phuc/Desktop/work/personal/web-app/src/services/products/products.class.js","statementMap":{"0":{"start":{"line":4,"column":4},"end":{"line":4,"column":33}},"1":{"start":{"line":8,"column":4},"end":{"line":8,"column":14}},"2":{"start":{"line":12,"column":4},"end":{"line":14,"column":6}},"3":{"start":{"line":18,"column":4},"end":{"line":20,"column":5}},"4":{"start":{"line":19,"column":6},"end":{"line":19,"column":76}},"5":{"start":{"line":19,"column":45},"end":{"line":19,"column":73}},"6":{"start":{"line":22,"column":4},"end":{"line":22,"column":16}},"7":{"start":{"line":26,"column":4},"end":{"line":26,"column":16}},"8":{"start":{"line":30,"column":4},"end":{"line":30,"column":16}},"9":{"start":{"line":34,"column":4},"end":{"line":34,"column":18}},"10":{"start":{"line":38,"column":0},"end":{"line":40,"column":2}},"11":{"start":{"line":39,"column":2},"end":{"line":39,"column":30}},"12":{"start":{"line":42,"column":0},"end":{"line":42,"column":33}}},"fnMap":{"0":{"name":"(anonymous_0)","decl":{"start":{"line":3,"column":2},"end":{"line":3,"column":3}},"loc":{"start":{"line":3,"column":24},"end":{"line":5,"column":3}},"line":3},"1":{"name":"(anonymous_1)","decl":{"start":{"line":7,"column":2},"end":{"line":7,"column":3}},"loc":{"start":{"line":7,"column":22},"end":{"line":9,"column":3}},"line":7},"2":{"name":"(anonymous_2)","decl":{"start":{"line":11,"column":2},"end":{"line":11,"column":3}},"loc":{"start":{"line":11,"column":25},"end":{"line":15,"column":3}},"line":11},"3":{"name":"(anonymous_3)","decl":{"start":{"line":17,"column":2},"end":{"line":17,"column":3}},"loc":{"start":{"line":17,"column":30},"end":{"line":23,"column":3}},"line":17},"4":{"name":"(anonymous_4)","decl":{"start":{"line":19,"column":34},"end":{"line":19,"column":35}},"loc":{"start":{"line":19,"column":45},"end":{"line":19,"column":73}},"line":19},"5":{"name":"(anonymous_5)","decl":{"start":{"line":25,"column":2},"end":{"line":25,"column":3}},"loc":{"start":{"line":25,"column":34},"end":{"line":27,"column":3}},"line":25},"6":{"name":"(anonymous_6)","decl":{"start":{"line":29,"column":2},"end":{"line":29,"column":3}},"loc":{"start":{"line":29,"column":33},"end":{"line":31,"column":3}},"line":29},"7":{"name":"(anonymous_7)","decl":{"start":{"line":33,"column":2},"end":{"line":33,"column":3}},"loc":{"start":{"line":33,"column":28},"end":{"line":35,"column":3}},"line":33},"8":{"name":"(anonymous_8)","decl":{"start":{"line":38,"column":17},"end":{"line":38,"column":18}},"loc":{"start":{"line":38,"column":36},"end":{"line":40,"column":1}},"line":38}},"branchMap":{"0":{"loc":{"start":{"line":4,"column":19},"end":{"line":4,"column":32}},"type":"binary-expr","locations":[{"start":{"line":4,"column":19},"end":{"line":4,"column":26}},{"start":{"line":4,"column":30},"end":{"line":4,"column":32}}],"line":4},"1":{"loc":{"start":{"line":18,"column":4},"end":{"line":20,"column":5}},"type":"if","locations":[{"start":{"line":18,"column":4},"end":{"line":20,"column":5}},{"start":{"line":18,"column":4},"end":{"line":20,"column":5}}],"line":18}},"s":{"0":1,"1":0,"2":0,"3":0,"4":0,"5":0,"6":0,"7":0,"8":0,"9":0,"10":1,"11":1,"12":1},"f":{"0":1,"1":0,"2":0,"3":0,"4":0,"5":0,"6":0,"7":0,"8":1},"b":{"0":[1,0],"1":[0,0]},"_coverageSchema":"332fd63041d2c1bcb487cc26dd0d5f7d97098a6c","hash":"4a2832bc553a48a2d63b02e15ae16e2784adbbe3"}
,"/home/luong.ngoc.phuc/Desktop/work/personal/web-app/src/services/products/products.hooks.js": {"path":"/home/luong.ngoc.phuc/Desktop/work/personal/web-app/src/services/products/products.hooks.js","statementMap":{"0":{"start":{"line":1,"column":23},"end":{"line":1,"column":78}},"1":{"start":{"line":2,"column":24},"end":{"line":2,"column":78}},"2":{"start":{"line":3,"column":21},"end":{"line":3,"column":69}},"3":{"start":{"line":5,"column":0},"end":{"line":35,"column":2}}},"fnMap":{},"branchMap":{},"s":{"0":1,"1":1,"2":1,"3":1},"f":{},"b":{},"_coverageSchema":"332fd63041d2c1bcb487cc26dd0d5f7d97098a6c","hash":"7fe2abd69615caa70ea66727126c58157bc540d8"}
,"/home/luong.ngoc.phuc/Desktop/work/personal/web-app/src/services/products/products.service.js": {"path":"/home/luong.ngoc.phuc/Desktop/work/personal/web-app/src/services/products/products.service.js","statementMap":{"0":{"start":{"line":2,"column":22},"end":{"line":2,"column":52}},"1":{"start":{"line":3,"column":14},"end":{"line":3,"column":41}},"2":{"start":{"line":5,"column":0},"end":{"line":20,"column":2}},"3":{"start":{"line":7,"column":19},"end":{"line":7,"column":38}},"4":{"start":{"line":9,"column":18},"end":{"line":11,"column":3}},"5":{"start":{"line":14,"column":2},"end":{"line":14,"column":47}},"6":{"start":{"line":17,"column":18},"end":{"line":17,"column":41}},"7":{"start":{"line":19,"column":2},"end":{"line":19,"column":23}}},"fnMap":{"0":{"name":"(anonymous_0)","decl":{"start":{"line":5,"column":17},"end":{"line":5,"column":18}},"loc":{"start":{"line":5,"column":32},"end":{"line":20,"column":1}},"line":5}},"branchMap":{},"s":{"0":1,"1":1,"2":1,"3":1,"4":1,"5":1,"6":1,"7":1},"f":{"0":1},"b":{},"_coverageSchema":"332fd63041d2c1bcb487cc26dd0d5f7d97098a6c","hash":"ed4fd4b1d4604990ab82982891af1cebe35447e7"}
,"/home/luong.ngoc.phuc/Desktop/work/personal/web-app/src/services/subscriptions/subscriptions.class.js": {"path":"/home/luong.ngoc.phuc/Desktop/work/personal/web-app/src/services/subscriptions/subscriptions.class.js","statementMap":{"0":{"start":{"line":4,"column":4},"end":{"line":4,"column":33}},"1":{"start":{"line":8,"column":4},"end":{"line":8,"column":14}},"2":{"start":{"line":12,"column":4},"end":{"line":14,"column":6}},"3":{"start":{"line":18,"column":4},"end":{"line":20,"column":5}},"4":{"start":{"line":19,"column":6},"end":{"line":19,"column":76}},"5":{"start":{"line":19,"column":45},"end":{"line":19,"column":73}},"6":{"start":{"line":22,"column":4},"end":{"line":22,"column":16}},"7":{"start":{"line":26,"column":4},"end":{"line":26,"column":16}},"8":{"start":{"line":30,"column":4},"end":{"line":30,"column":16}},"9":{"start":{"line":34,"column":4},"end":{"line":34,"column":18}},"10":{"start":{"line":38,"column":0},"end":{"line":40,"column":2}},"11":{"start":{"line":39,"column":2},"end":{"line":39,"column":30}},"12":{"start":{"line":42,"column":0},"end":{"line":42,"column":33}}},"fnMap":{"0":{"name":"(anonymous_0)","decl":{"start":{"line":3,"column":2},"end":{"line":3,"column":3}},"loc":{"start":{"line":3,"column":24},"end":{"line":5,"column":3}},"line":3},"1":{"name":"(anonymous_1)","decl":{"start":{"line":7,"column":2},"end":{"line":7,"column":3}},"loc":{"start":{"line":7,"column":22},"end":{"line":9,"column":3}},"line":7},"2":{"name":"(anonymous_2)","decl":{"start":{"line":11,"column":2},"end":{"line":11,"column":3}},"loc":{"start":{"line":11,"column":25},"end":{"line":15,"column":3}},"line":11},"3":{"name":"(anonymous_3)","decl":{"start":{"line":17,"column":2},"end":{"line":17,"column":3}},"loc":{"start":{"line":17,"column":30},"end":{"line":23,"column":3}},"line":17},"4":{"name":"(anonymous_4)","decl":{"start":{"line":19,"column":34},"end":{"line":19,"column":35}},"loc":{"start":{"line":19,"column":45},"end":{"line":19,"column":73}},"line":19},"5":{"name":"(anonymous_5)","decl":{"start":{"line":25,"column":2},"end":{"line":25,"column":3}},"loc":{"start":{"line":25,"column":34},"end":{"line":27,"column":3}},"line":25},"6":{"name":"(anonymous_6)","decl":{"start":{"line":29,"column":2},"end":{"line":29,"column":3}},"loc":{"start":{"line":29,"column":33},"end":{"line":31,"column":3}},"line":29},"7":{"name":"(anonymous_7)","decl":{"start":{"line":33,"column":2},"end":{"line":33,"column":3}},"loc":{"start":{"line":33,"column":28},"end":{"line":35,"column":3}},"line":33},"8":{"name":"(anonymous_8)","decl":{"start":{"line":38,"column":17},"end":{"line":38,"column":18}},"loc":{"start":{"line":38,"column":36},"end":{"line":40,"column":1}},"line":38}},"branchMap":{"0":{"loc":{"start":{"line":4,"column":19},"end":{"line":4,"column":32}},"type":"binary-expr","locations":[{"start":{"line":4,"column":19},"end":{"line":4,"column":26}},{"start":{"line":4,"column":30},"end":{"line":4,"column":32}}],"line":4},"1":{"loc":{"start":{"line":18,"column":4},"end":{"line":20,"column":5}},"type":"if","locations":[{"start":{"line":18,"column":4},"end":{"line":20,"column":5}},{"start":{"line":18,"column":4},"end":{"line":20,"column":5}}],"line":18}},"s":{"0":1,"1":0,"2":0,"3":0,"4":0,"5":0,"6":0,"7":0,"8":0,"9":0,"10":1,"11":1,"12":1},"f":{"0":1,"1":0,"2":0,"3":0,"4":0,"5":0,"6":0,"7":0,"8":1},"b":{"0":[1,0],"1":[0,0]},"_coverageSchema":"332fd63041d2c1bcb487cc26dd0d5f7d97098a6c","hash":"4f2385d97a8da52db3e97f9479c01cf9aa6329ec"}
,"/home/luong.ngoc.phuc/Desktop/work/personal/web-app/src/services/subscriptions/subscriptions.hooks.js": {"path":"/home/luong.ngoc.phuc/Desktop/work/personal/web-app/src/services/subscriptions/subscriptions.hooks.js","statementMap":{"0":{"start":{"line":1,"column":20},"end":{"line":1,"column":81}},"1":{"start":{"line":2,"column":22},"end":{"line":2,"column":89}},"2":{"start":{"line":3,"column":31},"end":{"line":3,"column":99}},"3":{"start":{"line":6,"column":0},"end":{"line":36,"column":2}}},"fnMap":{},"branchMap":{},"s":{"0":1,"1":1,"2":1,"3":1},"f":{},"b":{},"_coverageSchema":"332fd63041d2c1bcb487cc26dd0d5f7d97098a6c","hash":"5a34703b66f1bf2d49a9829fa83957421715b792"}
,"/home/luong.ngoc.phuc/Desktop/work/personal/web-app/src/services/subscriptions/subscriptions.service.js": {"path":"/home/luong.ngoc.phuc/Desktop/work/personal/web-app/src/services/subscriptions/subscriptions.service.js","statementMap":{"0":{"start":{"line":2,"column":22},"end":{"line":2,"column":57}},"1":{"start":{"line":3,"column":14},"end":{"line":3,"column":46}},"2":{"start":{"line":5,"column":0},"end":{"line":20,"column":2}},"3":{"start":{"line":7,"column":19},"end":{"line":7,"column":38}},"4":{"start":{"line":9,"column":18},"end":{"line":11,"column":3}},"5":{"start":{"line":14,"column":2},"end":{"line":14,"column":52}},"6":{"start":{"line":17,"column":18},"end":{"line":17,"column":46}},"7":{"start":{"line":19,"column":2},"end":{"line":19,"column":23}}},"fnMap":{"0":{"name":"(anonymous_0)","decl":{"start":{"line":5,"column":17},"end":{"line":5,"column":18}},"loc":{"start":{"line":5,"column":32},"end":{"line":20,"column":1}},"line":5}},"branchMap":{},"s":{"0":1,"1":1,"2":1,"3":1,"4":1,"5":1,"6":1,"7":1},"f":{"0":1},"b":{},"_coverageSchema":"332fd63041d2c1bcb487cc26dd0d5f7d97098a6c","hash":"4f12df4b9419edd379bb7d902280bfed0f7f4ebe"}
,"/home/luong.ngoc.phuc/Desktop/work/personal/web-app/src/services/tokens/tokens.class.js": {"path":"/home/luong.ngoc.phuc/Desktop/work/personal/web-app/src/services/tokens/tokens.class.js","statementMap":{"0":{"start":{"line":4,"column":4},"end":{"line":4,"column":33}},"1":{"start":{"line":8,"column":4},"end":{"line":8,"column":14}},"2":{"start":{"line":12,"column":4},"end":{"line":14,"column":6}},"3":{"start":{"line":18,"column":4},"end":{"line":20,"column":5}},"4":{"start":{"line":19,"column":6},"end":{"line":19,"column":76}},"5":{"start":{"line":19,"column":45},"end":{"line":19,"column":73}},"6":{"start":{"line":22,"column":4},"end":{"line":22,"column":16}},"7":{"start":{"line":26,"column":4},"end":{"line":26,"column":16}},"8":{"start":{"line":30,"column":4},"end":{"line":30,"column":16}},"9":{"start":{"line":34,"column":4},"end":{"line":34,"column":18}},"10":{"start":{"line":38,"column":0},"end":{"line":40,"column":2}},"11":{"start":{"line":39,"column":2},"end":{"line":39,"column":30}},"12":{"start":{"line":42,"column":0},"end":{"line":42,"column":33}}},"fnMap":{"0":{"name":"(anonymous_0)","decl":{"start":{"line":3,"column":2},"end":{"line":3,"column":3}},"loc":{"start":{"line":3,"column":24},"end":{"line":5,"column":3}},"line":3},"1":{"name":"(anonymous_1)","decl":{"start":{"line":7,"column":2},"end":{"line":7,"column":3}},"loc":{"start":{"line":7,"column":22},"end":{"line":9,"column":3}},"line":7},"2":{"name":"(anonymous_2)","decl":{"start":{"line":11,"column":2},"end":{"line":11,"column":3}},"loc":{"start":{"line":11,"column":25},"end":{"line":15,"column":3}},"line":11},"3":{"name":"(anonymous_3)","decl":{"start":{"line":17,"column":2},"end":{"line":17,"column":3}},"loc":{"start":{"line":17,"column":30},"end":{"line":23,"column":3}},"line":17},"4":{"name":"(anonymous_4)","decl":{"start":{"line":19,"column":34},"end":{"line":19,"column":35}},"loc":{"start":{"line":19,"column":45},"end":{"line":19,"column":73}},"line":19},"5":{"name":"(anonymous_5)","decl":{"start":{"line":25,"column":2},"end":{"line":25,"column":3}},"loc":{"start":{"line":25,"column":34},"end":{"line":27,"column":3}},"line":25},"6":{"name":"(anonymous_6)","decl":{"start":{"line":29,"column":2},"end":{"line":29,"column":3}},"loc":{"start":{"line":29,"column":33},"end":{"line":31,"column":3}},"line":29},"7":{"name":"(anonymous_7)","decl":{"start":{"line":33,"column":2},"end":{"line":33,"column":3}},"loc":{"start":{"line":33,"column":28},"end":{"line":35,"column":3}},"line":33},"8":{"name":"(anonymous_8)","decl":{"start":{"line":38,"column":17},"end":{"line":38,"column":18}},"loc":{"start":{"line":38,"column":36},"end":{"line":40,"column":1}},"line":38}},"branchMap":{"0":{"loc":{"start":{"line":4,"column":19},"end":{"line":4,"column":32}},"type":"binary-expr","locations":[{"start":{"line":4,"column":19},"end":{"line":4,"column":26}},{"start":{"line":4,"column":30},"end":{"line":4,"column":32}}],"line":4},"1":{"loc":{"start":{"line":18,"column":4},"end":{"line":20,"column":5}},"type":"if","locations":[{"start":{"line":18,"column":4},"end":{"line":20,"column":5}},{"start":{"line":18,"column":4},"end":{"line":20,"column":5}}],"line":18}},"s":{"0":1,"1":0,"2":0,"3":0,"4":0,"5":0,"6":0,"7":0,"8":0,"9":0,"10":1,"11":1,"12":1},"f":{"0":1,"1":0,"2":0,"3":0,"4":0,"5":0,"6":0,"7":0,"8":1},"b":{"0":[1,0],"1":[0,0]},"_coverageSchema":"332fd63041d2c1bcb487cc26dd0d5f7d97098a6c","hash":"1eb2a873b8a7098e24da874568499f65a4d7de54"}
,"/home/luong.ngoc.phuc/Desktop/work/personal/web-app/src/services/tokens/tokens.hooks.js": {"path":"/home/luong.ngoc.phuc/Desktop/work/personal/web-app/src/services/tokens/tokens.hooks.js","statementMap":{"0":{"start":{"line":1,"column":24},"end":{"line":1,"column":78}},"1":{"start":{"line":2,"column":22},"end":{"line":2,"column":69}},"2":{"start":{"line":3,"column":21},"end":{"line":3,"column":53}},"3":{"start":{"line":5,"column":0},"end":{"line":35,"column":2}}},"fnMap":{},"branchMap":{},"s":{"0":1,"1":1,"2":1,"3":1},"f":{},"b":{},"_coverageSchema":"332fd63041d2c1bcb487cc26dd0d5f7d97098a6c","hash":"2694bca5ceecbbf21414c53448fa292756f20b46"}
,"/home/luong.ngoc.phuc/Desktop/work/personal/web-app/src/services/tokens/tokens.service.js": {"path":"/home/luong.ngoc.phuc/Desktop/work/personal/web-app/src/services/tokens/tokens.service.js","statementMap":{"0":{"start":{"line":2,"column":22},"end":{"line":2,"column":50}},"1":{"start":{"line":3,"column":14},"end":{"line":3,"column":39}},"2":{"start":{"line":5,"column":0},"end":{"line":20,"column":2}},"3":{"start":{"line":7,"column":19},"end":{"line":7,"column":38}},"4":{"start":{"line":9,"column":18},"end":{"line":11,"column":3}},"5":{"start":{"line":14,"column":2},"end":{"line":14,"column":45}},"6":{"start":{"line":17,"column":18},"end":{"line":17,"column":39}},"7":{"start":{"line":19,"column":2},"end":{"line":19,"column":23}}},"fnMap":{"0":{"name":"(anonymous_0)","decl":{"start":{"line":5,"column":17},"end":{"line":5,"column":18}},"loc":{"start":{"line":5,"column":32},"end":{"line":20,"column":1}},"line":5}},"branchMap":{},"s":{"0":1,"1":1,"2":1,"3":1,"4":1,"5":1,"6":1,"7":1},"f":{"0":1},"b":{},"_coverageSchema":"332fd63041d2c1bcb487cc26dd0d5f7d97098a6c","hash":"cfab740ae492c530fdd0ff0cc5f12c9359ff2246"}
,"/home/luong.ngoc.phuc/Desktop/work/personal/web-app/src/services/user/user.hooks.js": {"path":"/home/luong.ngoc.phuc/Desktop/work/personal/web-app/src/services/user/user.hooks.js","statementMap":{"0":{"start":{"line":1,"column":21},"end":{"line":1,"column":53}},"1":{"start":{"line":2,"column":22},"end":{"line":2,"column":76}},"2":{"start":{"line":3,"column":23},"end":{"line":3,"column":70}},"3":{"start":{"line":5,"column":0},"end":{"line":35,"column":2}}},"fnMap":{},"branchMap":{},"s":{"0":1,"1":1,"2":1,"3":1},"f":{},"b":{},"_coverageSchema":"332fd63041d2c1bcb487cc26dd0d5f7d97098a6c","hash":"8baa02ff7ec3451cb5d7edacb6c4d1585edaff69"}
,"/home/luong.ngoc.phuc/Desktop/work/personal/web-app/src/services/user/user.service.js": {"path":"/home/luong.ngoc.phuc/Desktop/work/personal/web-app/src/services/user/user.service.js","statementMap":{"0":{"start":{"line":2,"column":22},"end":{"line":2,"column":50}},"1":{"start":{"line":3,"column":20},"end":{"line":3,"column":54}},"2":{"start":{"line":4,"column":14},"end":{"line":4,"column":37}},"3":{"start":{"line":5,"column":17},"end":{"line":5,"column":55}},"4":{"start":{"line":7,"column":0},"end":{"line":23,"column":2}},"5":{"start":{"line":8,"column":16},"end":{"line":8,"column":32}},"6":{"start":{"line":9,"column":19},"end":{"line":9,"column":38}},"7":{"start":{"line":11,"column":18},"end":{"line":14,"column":3}},"8":{"start":{"line":17,"column":2},"end":{"line":17,"column":46}},"9":{"start":{"line":20,"column":18},"end":{"line":20,"column":37}},"10":{"start":{"line":22,"column":2},"end":{"line":22,"column":23}}},"fnMap":{"0":{"name":"(anonymous_0)","decl":{"start":{"line":7,"column":17},"end":{"line":7,"column":18}},"loc":{"start":{"line":7,"column":32},"end":{"line":23,"column":1}},"line":7}},"branchMap":{},"s":{"0":1,"1":1,"2":1,"3":1,"4":1,"5":1,"6":1,"7":1,"8":1,"9":1,"10":1},"f":{"0":1},"b":{},"_coverageSchema":"332fd63041d2c1bcb487cc26dd0d5f7d97098a6c","hash":"1bdb9adccec8a078e39cc3e0cf45156ced775ec4"}
}
