TN:
SF:/home/luong.ngoc.phuc/Desktop/work/personal/web-app/src/app.hooks.js
FNF:0
FNH:0
DA:2,1
DA:4,1
LF:2
LH:2
BRF:0
BRH:0
end_of_record
TN:
SF:/home/luong.ngoc.phuc/Desktop/work/personal/web-app/src/app.js
FNF:0
FNH:0
DA:1,1
DA:2,1
DA:3,1
DA:4,1
DA:5,1
DA:6,1
DA:8,1
DA:9,1
DA:10,1
DA:11,1
DA:14,1
DA:15,1
DA:16,1
DA:17,1
DA:19,1
DA:21,1
DA:24,1
DA:26,1
DA:27,1
DA:28,1
DA:29,1
DA:30,1
DA:31,1
DA:33,1
DA:36,1
DA:37,1
DA:39,1
DA:42,1
DA:44,1
DA:46,1
DA:49,1
DA:50,1
DA:52,1
DA:54,1
LF:34
LH:34
BRF:0
BRH:0
end_of_record
TN:
SF:/home/luong.ngoc.phuc/Desktop/work/personal/web-app/src/channels.js
FN:1,(anonymous_0)
FN:7,(anonymous_1)
FN:12,(anonymous_2)
FN:40,(anonymous_3)
FNF:4
FNH:1
FNDA:1,(anonymous_0)
FNDA:0,(anonymous_1)
FNDA:0,(anonymous_2)
FNDA:0,(anonymous_3)
DA:1,1
DA:2,1
DA:4,0
DA:7,1
DA:9,0
DA:12,1
DA:15,0
DA:20,0
DA:23,0
DA:40,1
DA:44,0
DA:47,0
LF:12
LH:5
BRDA:2,0,0,0
BRDA:2,0,1,1
BRDA:15,1,0,0
BRDA:15,1,1,0
BRF:4
BRH:1
end_of_record
TN:
SF:/home/luong.ngoc.phuc/Desktop/work/personal/web-app/src/logger.js
FNF:0
FNH:0
DA:1,1
DA:4,1
DA:16,1
LF:3
LH:3
BRF:0
BRH:0
end_of_record
TN:
SF:/home/luong.ngoc.phuc/Desktop/work/personal/web-app/src/mongoose.js
FN:3,(anonymous_0)
FNF:1
FNH:1
FNDA:1,(anonymous_0)
DA:1,1
DA:3,1
DA:4,1
DA:8,1
DA:10,1
LF:5
LH:5
BRF:0
BRH:0
end_of_record
TN:
SF:/home/luong.ngoc.phuc/Desktop/work/personal/web-app/src/constants/entities.js
FNF:0
FNH:0
DA:1,16
DA:16,16
LF:2
LH:2
BRF:0
BRH:0
end_of_record
TN:
SF:/home/luong.ngoc.phuc/Desktop/work/personal/web-app/src/constants/errors.js
FNF:0
FNH:0
DA:1,7
LF:1
LH:1
BRF:0
BRH:0
end_of_record
TN:
SF:/home/luong.ngoc.phuc/Desktop/work/personal/web-app/src/hooks/after/customer/findGetAllCustomer.js
FN:3,(anonymous_0)
FN:6,(anonymous_1)
FN:10,(anonymous_2)
FNF:3
FNH:3
FNDA:2,(anonymous_0)
FNDA:1,(anonymous_1)
FNDA:1,(anonymous_2)
DA:1,2
DA:3,2
DA:4,2
DA:7,1
DA:8,1
DA:11,1
DA:12,0
DA:16,2
LF:8
LH:7
BRDA:11,0,0,1
BRDA:11,0,1,0
BRF:2
BRH:1
end_of_record
TN:
SF:/home/luong.ngoc.phuc/Desktop/work/personal/web-app/src/hooks/after/customer/getACustomer.js
FN:3,(anonymous_0)
FN:6,(anonymous_1)
FN:10,(anonymous_2)
FNF:3
FNH:3
FNDA:2,(anonymous_0)
FNDA:1,(anonymous_1)
FNDA:1,(anonymous_2)
DA:1,2
DA:3,2
DA:4,2
DA:5,2
DA:7,1
DA:8,1
DA:11,1
DA:12,0
DA:16,2
LF:9
LH:8
BRDA:11,0,0,1
BRDA:11,0,1,0
BRF:2
BRH:1
end_of_record
TN:
SF:/home/luong.ngoc.phuc/Desktop/work/personal/web-app/src/hooks/after/plan/findGetAllPlan.js
FN:3,(anonymous_0)
FN:6,(anonymous_1)
FN:10,(anonymous_2)
FNF:3
FNH:3
FNDA:2,(anonymous_0)
FNDA:1,(anonymous_1)
FNDA:1,(anonymous_2)
DA:1,2
DA:3,2
DA:4,2
DA:7,1
DA:8,1
DA:11,1
DA:12,0
DA:16,2
LF:8
LH:7
BRDA:11,0,0,1
BRDA:11,0,1,0
BRF:2
BRH:1
end_of_record
TN:
SF:/home/luong.ngoc.phuc/Desktop/work/personal/web-app/src/hooks/after/plan/getAPlan.js
FN:3,(anonymous_0)
FN:6,(anonymous_1)
FN:10,(anonymous_2)
FNF:3
FNH:3
FNDA:2,(anonymous_0)
FNDA:1,(anonymous_1)
FNDA:1,(anonymous_2)
DA:1,2
DA:3,2
DA:4,2
DA:5,2
DA:7,1
DA:8,1
DA:11,1
DA:12,0
DA:16,2
LF:9
LH:8
BRDA:11,0,0,1
BRDA:11,0,1,0
BRF:2
BRH:1
end_of_record
TN:
SF:/home/luong.ngoc.phuc/Desktop/work/personal/web-app/src/hooks/after/product/findGetAllProd.js
FN:3,(anonymous_0)
FN:6,(anonymous_1)
FN:10,(anonymous_2)
FNF:3
FNH:3
FNDA:2,(anonymous_0)
FNDA:1,(anonymous_1)
FNDA:1,(anonymous_2)
DA:1,2
DA:3,2
DA:4,2
DA:7,1
DA:8,1
DA:11,1
DA:12,0
DA:16,2
LF:8
LH:7
BRDA:11,0,0,1
BRDA:11,0,1,0
BRF:2
BRH:1
end_of_record
TN:
SF:/home/luong.ngoc.phuc/Desktop/work/personal/web-app/src/hooks/after/product/getAProd.js
FN:3,(anonymous_0)
FN:6,(anonymous_1)
FN:10,(anonymous_2)
FNF:3
FNH:3
FNDA:2,(anonymous_0)
FNDA:1,(anonymous_1)
FNDA:1,(anonymous_2)
DA:1,2
DA:3,2
DA:4,2
DA:5,2
DA:7,1
DA:8,1
DA:11,1
DA:12,0
DA:16,2
LF:9
LH:8
BRDA:11,0,0,1
BRDA:11,0,1,0
BRF:2
BRH:1
end_of_record
TN:
SF:/home/luong.ngoc.phuc/Desktop/work/personal/web-app/src/hooks/after/subscription/findGetAllSubscription.js
FN:3,(anonymous_0)
FN:6,(anonymous_1)
FN:10,(anonymous_2)
FNF:3
FNH:3
FNDA:2,(anonymous_0)
FNDA:1,(anonymous_1)
FNDA:1,(anonymous_2)
DA:1,2
DA:3,2
DA:4,2
DA:7,1
DA:8,1
DA:11,1
DA:12,0
DA:16,2
LF:8
LH:7
BRDA:11,0,0,1
BRDA:11,0,1,0
BRF:2
BRH:1
end_of_record
TN:
SF:/home/luong.ngoc.phuc/Desktop/work/personal/web-app/src/hooks/after/subscription/getASubscription.js
FN:3,(anonymous_0)
FN:6,(anonymous_1)
FN:10,(anonymous_2)
FNF:3
FNH:3
FNDA:2,(anonymous_0)
FNDA:1,(anonymous_1)
FNDA:1,(anonymous_2)
DA:1,2
DA:3,2
DA:4,2
DA:5,2
DA:7,1
DA:8,1
DA:11,1
DA:12,0
DA:16,2
LF:9
LH:8
BRDA:11,0,0,1
BRDA:11,0,1,0
BRF:2
BRH:1
end_of_record
TN:
SF:/home/luong.ngoc.phuc/Desktop/work/personal/web-app/src/hooks/after/token/getAToken.js
FN:3,(anonymous_0)
FN:6,(anonymous_1)
FN:10,(anonymous_2)
FNF:3
FNH:3
FNDA:2,(anonymous_0)
FNDA:1,(anonymous_1)
FNDA:1,(anonymous_2)
DA:1,2
DA:3,2
DA:4,2
DA:5,2
DA:7,1
DA:8,1
DA:11,1
DA:12,0
DA:16,2
LF:9
LH:8
BRDA:11,0,0,1
BRDA:11,0,1,0
BRF:2
BRH:1
end_of_record
TN:
SF:/home/luong.ngoc.phuc/Desktop/work/personal/web-app/src/hooks/before/customer/createMakeCustomer.js
FN:7,(anonymous_0)
FN:11,(anonymous_1)
FN:15,(anonymous_2)
FNF:3
FNH:3
FNDA:3,(anonymous_0)
FNDA:1,(anonymous_1)
FNDA:1,(anonymous_2)
DA:1,2
DA:2,2
DA:7,2
DA:8,3
DA:9,3
DA:10,2
DA:12,1
DA:13,1
DA:16,1
DA:17,0
DA:21,2
LF:11
LH:10
BRDA:9,0,0,1
BRDA:9,0,1,2
BRDA:16,1,0,1
BRDA:16,1,1,0
BRF:4
BRH:3
end_of_record
TN:
SF:/home/luong.ngoc.phuc/Desktop/work/personal/web-app/src/hooks/before/plan/createMakePlan.js
FN:10,(anonymous_0)
FN:14,(anonymous_1)
FN:18,(anonymous_2)
FNF:3
FNH:3
FNDA:3,(anonymous_0)
FNDA:1,(anonymous_1)
FNDA:1,(anonymous_2)
DA:1,2
DA:2,2
DA:10,2
DA:11,3
DA:12,3
DA:13,2
DA:15,1
DA:16,1
DA:19,1
DA:20,0
DA:24,2
LF:11
LH:10
BRDA:12,0,0,1
BRDA:12,0,1,2
BRDA:12,1,0,3
BRDA:12,1,1,3
BRDA:12,1,2,3
BRDA:12,1,3,3
BRDA:19,2,0,1
BRDA:19,2,1,0
BRF:8
BRH:7
end_of_record
TN:
SF:/home/luong.ngoc.phuc/Desktop/work/personal/web-app/src/hooks/before/product/createMakeProd.js
FN:7,(anonymous_0)
FN:11,(anonymous_1)
FN:15,(anonymous_2)
FNF:3
FNH:3
FNDA:3,(anonymous_0)
FNDA:1,(anonymous_1)
FNDA:1,(anonymous_2)
DA:1,2
DA:2,2
DA:7,2
DA:8,3
DA:9,3
DA:10,2
DA:12,1
DA:13,1
DA:16,1
DA:17,0
DA:21,2
LF:11
LH:10
BRDA:9,0,0,1
BRDA:9,0,1,2
BRDA:9,1,0,3
BRDA:9,1,1,2
BRDA:16,2,0,1
BRDA:16,2,1,0
BRF:6
BRH:5
end_of_record
TN:
SF:/home/luong.ngoc.phuc/Desktop/work/personal/web-app/src/hooks/before/subscription/createMakeSubscription.js
FN:14,(anonymous_0)
FN:27,(anonymous_1)
FN:31,(anonymous_2)
FNF:3
FNH:3
FNDA:3,(anonymous_0)
FNDA:1,(anonymous_1)
FNDA:1,(anonymous_2)
DA:1,2
DA:2,2
DA:14,2
DA:15,3
DA:16,3
DA:17,3
DA:18,2
DA:22,2
DA:23,4
DA:24,4
DA:26,2
DA:28,1
DA:29,1
DA:32,1
DA:33,0
DA:37,2
LF:16
LH:15
BRDA:17,0,0,1
BRDA:17,0,1,2
BRDA:17,1,0,3
BRDA:17,1,1,3
BRDA:17,1,2,2
BRDA:17,1,3,2
BRDA:24,2,0,2
BRDA:24,2,1,2
BRDA:32,3,0,1
BRDA:32,3,1,0
BRF:10
BRH:9
end_of_record
TN:
SF:/home/luong.ngoc.phuc/Desktop/work/personal/web-app/src/hooks/before/token/createMakeToken.js
FN:10,(anonymous_0)
FN:16,(anonymous_1)
FN:20,(anonymous_2)
FNF:3
FNH:3
FNDA:3,(anonymous_0)
FNDA:1,(anonymous_1)
FNDA:1,(anonymous_2)
DA:1,2
DA:2,2
DA:10,2
DA:11,3
DA:12,3
DA:13,2
DA:17,1
DA:18,1
DA:21,1
DA:22,0
DA:26,2
LF:11
LH:10
BRDA:12,0,0,1
BRDA:12,0,1,2
BRDA:12,1,0,3
BRDA:12,1,1,2
BRDA:12,1,2,2
BRDA:12,1,3,2
BRDA:21,2,0,1
BRDA:21,2,1,0
BRF:8
BRH:7
end_of_record
TN:
SF:/home/luong.ngoc.phuc/Desktop/work/personal/web-app/src/hooks/before/user/createdValidUser.js
FN:5,(anonymous_0)
FNF:1
FNH:1
FNDA:3,(anonymous_0)
DA:1,2
DA:2,2
DA:3,2
DA:5,2
DA:6,3
DA:7,3
DA:9,2
DA:15,2
DA:16,1
DA:19,2
LF:10
LH:10
BRDA:7,0,0,1
BRDA:7,0,1,2
BRDA:15,1,0,1
BRDA:15,1,1,1
BRF:4
BRH:4
end_of_record
TN:
SF:/home/luong.ngoc.phuc/Desktop/work/personal/web-app/src/middleware/index.js
FN:2,(anonymous_0)
FNF:1
FNH:1
FNDA:1,(anonymous_0)
DA:2,1
LF:1
LH:1
BRF:0
BRH:0
end_of_record
TN:
SF:/home/luong.ngoc.phuc/Desktop/work/personal/web-app/src/models/cart.model.js
FN:5,(anonymous_0)
FNF:1
FNH:1
FNDA:1,(anonymous_0)
DA:5,1
DA:6,1
DA:7,1
DA:8,1
DA:17,1
LF:5
LH:5
BRF:0
BRH:0
end_of_record
TN:
SF:/home/luong.ngoc.phuc/Desktop/work/personal/web-app/src/models/goods.model.js
FN:5,(anonymous_0)
FNF:1
FNH:1
FNDA:1,(anonymous_0)
DA:5,1
DA:6,1
DA:7,1
DA:8,1
DA:18,1
LF:5
LH:5
BRF:0
BRH:0
end_of_record
TN:
SF:/home/luong.ngoc.phuc/Desktop/work/personal/web-app/src/models/user.model.js
FN:5,(anonymous_0)
FNF:1
FNH:1
FNDA:1,(anonymous_0)
DA:5,1
DA:6,1
DA:7,1
DA:8,1
DA:17,1
LF:5
LH:5
BRF:0
BRH:0
end_of_record
TN:
SF:/home/luong.ngoc.phuc/Desktop/work/personal/web-app/src/services/index.js
FN:11,(anonymous_0)
FNF:1
FNH:1
FNDA:1,(anonymous_0)
DA:1,1
DA:2,1
DA:3,1
DA:4,1
DA:5,1
DA:6,1
DA:7,1
DA:8,1
DA:9,1
DA:11,1
DA:12,1
DA:13,1
DA:14,1
DA:15,1
DA:16,1
DA:17,1
DA:18,1
DA:19,1
DA:20,1
LF:19
LH:19
BRF:0
BRH:0
end_of_record
TN:
SF:/home/luong.ngoc.phuc/Desktop/work/personal/web-app/src/services/cart/cart.hooks.js
FNF:0
FNH:0
DA:1,1
DA:2,1
DA:3,1
DA:5,1
LF:4
LH:4
BRF:0
BRH:0
end_of_record
TN:
SF:/home/luong.ngoc.phuc/Desktop/work/personal/web-app/src/services/cart/cart.service.js
FN:8,(anonymous_0)
FNF:1
FNH:1
FNDA:1,(anonymous_0)
DA:2,1
DA:3,1
DA:4,1
DA:5,1
DA:8,1
DA:9,1
DA:10,1
DA:12,1
DA:18,1
DA:21,1
DA:23,1
LF:11
LH:11
BRF:0
BRH:0
end_of_record
TN:
SF:/home/luong.ngoc.phuc/Desktop/work/personal/web-app/src/services/charge/charge.class.js
FN:3,(anonymous_0)
FN:7,(anonymous_1)
FN:11,(anonymous_2)
FN:17,(anonymous_3)
FN:19,(anonymous_4)
FN:25,(anonymous_5)
FN:29,(anonymous_6)
FN:33,(anonymous_7)
FN:38,(anonymous_8)
FNF:9
FNH:2
FNDA:1,(anonymous_0)
FNDA:0,(anonymous_1)
FNDA:0,(anonymous_2)
FNDA:0,(anonymous_3)
FNDA:0,(anonymous_4)
FNDA:0,(anonymous_5)
FNDA:0,(anonymous_6)
FNDA:0,(anonymous_7)
FNDA:1,(anonymous_8)
DA:4,1
DA:8,0
DA:12,0
DA:18,0
DA:19,0
DA:22,0
DA:26,0
DA:30,0
DA:34,0
DA:38,1
DA:39,1
DA:42,1
LF:12
LH:4
BRDA:4,0,0,1
BRDA:4,0,1,0
BRDA:18,1,0,0
BRDA:18,1,1,0
BRF:4
BRH:1
end_of_record
TN:
SF:/home/luong.ngoc.phuc/Desktop/work/personal/web-app/src/services/charge/charge.hooks.js
FNF:0
FNH:0
DA:2,1
DA:3,1
DA:5,1
LF:3
LH:3
BRF:0
BRH:0
end_of_record
TN:
SF:/home/luong.ngoc.phuc/Desktop/work/personal/web-app/src/services/charge/charge.service.js
FN:7,(anonymous_0)
FNF:1
FNH:1
FNDA:1,(anonymous_0)
DA:2,1
DA:3,1
DA:4,1
DA:7,1
DA:9,1
DA:11,1
DA:16,1
DA:19,1
DA:21,1
LF:9
LH:9
BRF:0
BRH:0
end_of_record
TN:
SF:/home/luong.ngoc.phuc/Desktop/work/personal/web-app/src/services/customers/customers.class.js
FN:3,(anonymous_0)
FN:7,(anonymous_1)
FN:11,(anonymous_2)
FN:17,(anonymous_3)
FN:19,(anonymous_4)
FN:25,(anonymous_5)
FN:29,(anonymous_6)
FN:33,(anonymous_7)
FN:38,(anonymous_8)
FNF:9
FNH:2
FNDA:1,(anonymous_0)
FNDA:0,(anonymous_1)
FNDA:0,(anonymous_2)
FNDA:0,(anonymous_3)
FNDA:0,(anonymous_4)
FNDA:0,(anonymous_5)
FNDA:0,(anonymous_6)
FNDA:0,(anonymous_7)
FNDA:1,(anonymous_8)
DA:4,1
DA:8,0
DA:12,0
DA:18,0
DA:19,0
DA:22,0
DA:26,0
DA:30,0
DA:34,0
DA:38,1
DA:39,1
DA:42,1
LF:12
LH:4
BRDA:4,0,0,1
BRDA:4,0,1,0
BRDA:18,1,0,0
BRDA:18,1,1,0
BRF:4
BRH:1
end_of_record
TN:
SF:/home/luong.ngoc.phuc/Desktop/work/personal/web-app/src/services/customers/customers.hooks.js
FNF:0
FNH:0
DA:1,1
DA:2,1
DA:3,1
DA:4,1
DA:5,1
LF:5
LH:5
BRF:0
BRH:0
end_of_record
TN:
SF:/home/luong.ngoc.phuc/Desktop/work/personal/web-app/src/services/customers/customers.service.js
FN:5,(anonymous_0)
FNF:1
FNH:1
FNDA:1,(anonymous_0)
DA:2,1
DA:3,1
DA:5,1
DA:7,1
DA:9,1
DA:14,1
DA:17,1
DA:19,1
LF:8
LH:8
BRF:0
BRH:0
end_of_record
TN:
SF:/home/luong.ngoc.phuc/Desktop/work/personal/web-app/src/services/goods/goods.hooks.js
FNF:0
FNH:0
DA:3,1
LF:1
LH:1
BRF:0
BRH:0
end_of_record
TN:
SF:/home/luong.ngoc.phuc/Desktop/work/personal/web-app/src/services/goods/goods.service.js
FN:8,(anonymous_0)
FNF:1
FNH:1
FNDA:1,(anonymous_0)
DA:2,1
DA:3,1
DA:4,1
DA:5,1
DA:8,1
DA:9,1
DA:10,1
DA:12,1
DA:18,1
DA:21,1
DA:23,1
LF:11
LH:11
BRF:0
BRH:0
end_of_record
TN:
SF:/home/luong.ngoc.phuc/Desktop/work/personal/web-app/src/services/plans/plans.class.js
FN:3,(anonymous_0)
FN:7,(anonymous_1)
FN:11,(anonymous_2)
FN:17,(anonymous_3)
FN:19,(anonymous_4)
FN:25,(anonymous_5)
FN:29,(anonymous_6)
FN:33,(anonymous_7)
FN:38,(anonymous_8)
FNF:9
FNH:2
FNDA:1,(anonymous_0)
FNDA:0,(anonymous_1)
FNDA:0,(anonymous_2)
FNDA:0,(anonymous_3)
FNDA:0,(anonymous_4)
FNDA:0,(anonymous_5)
FNDA:0,(anonymous_6)
FNDA:0,(anonymous_7)
FNDA:1,(anonymous_8)
DA:4,1
DA:8,0
DA:12,0
DA:18,0
DA:19,0
DA:22,0
DA:26,0
DA:30,0
DA:34,0
DA:38,1
DA:39,1
DA:42,1
LF:12
LH:4
BRDA:4,0,0,1
BRDA:4,0,1,0
BRDA:18,1,0,0
BRDA:18,1,1,0
BRF:4
BRH:1
end_of_record
TN:
SF:/home/luong.ngoc.phuc/Desktop/work/personal/web-app/src/services/plans/plans.hooks.js
FNF:0
FNH:0
DA:1,1
DA:2,1
DA:3,1
DA:4,1
LF:4
LH:4
BRF:0
BRH:0
end_of_record
TN:
SF:/home/luong.ngoc.phuc/Desktop/work/personal/web-app/src/services/plans/plans.service.js
FN:5,(anonymous_0)
FNF:1
FNH:1
FNDA:1,(anonymous_0)
DA:2,1
DA:3,1
DA:5,1
DA:7,1
DA:9,1
DA:14,1
DA:17,1
DA:19,1
LF:8
LH:8
BRF:0
BRH:0
end_of_record
TN:
SF:/home/luong.ngoc.phuc/Desktop/work/personal/web-app/src/services/products/products.class.js
FN:3,(anonymous_0)
FN:7,(anonymous_1)
FN:11,(anonymous_2)
FN:17,(anonymous_3)
FN:19,(anonymous_4)
FN:25,(anonymous_5)
FN:29,(anonymous_6)
FN:33,(anonymous_7)
FN:38,(anonymous_8)
FNF:9
FNH:2
FNDA:1,(anonymous_0)
FNDA:0,(anonymous_1)
FNDA:0,(anonymous_2)
FNDA:0,(anonymous_3)
FNDA:0,(anonymous_4)
FNDA:0,(anonymous_5)
FNDA:0,(anonymous_6)
FNDA:0,(anonymous_7)
FNDA:1,(anonymous_8)
DA:4,1
DA:8,0
DA:12,0
DA:18,0
DA:19,0
DA:22,0
DA:26,0
DA:30,0
DA:34,0
DA:38,1
DA:39,1
DA:42,1
LF:12
LH:4
BRDA:4,0,0,1
BRDA:4,0,1,0
BRDA:18,1,0,0
BRDA:18,1,1,0
BRF:4
BRH:1
end_of_record
TN:
SF:/home/luong.ngoc.phuc/Desktop/work/personal/web-app/src/services/products/products.hooks.js
FNF:0
FNH:0
DA:1,1
DA:2,1
DA:3,1
DA:5,1
LF:4
LH:4
BRF:0
BRH:0
end_of_record
TN:
SF:/home/luong.ngoc.phuc/Desktop/work/personal/web-app/src/services/products/products.service.js
FN:5,(anonymous_0)
FNF:1
FNH:1
FNDA:1,(anonymous_0)
DA:2,1
DA:3,1
DA:5,1
DA:7,1
DA:9,1
DA:14,1
DA:17,1
DA:19,1
LF:8
LH:8
BRF:0
BRH:0
end_of_record
TN:
SF:/home/luong.ngoc.phuc/Desktop/work/personal/web-app/src/services/subscriptions/subscriptions.class.js
FN:3,(anonymous_0)
FN:7,(anonymous_1)
FN:11,(anonymous_2)
FN:17,(anonymous_3)
FN:19,(anonymous_4)
FN:25,(anonymous_5)
FN:29,(anonymous_6)
FN:33,(anonymous_7)
FN:38,(anonymous_8)
FNF:9
FNH:2
FNDA:1,(anonymous_0)
FNDA:0,(anonymous_1)
FNDA:0,(anonymous_2)
FNDA:0,(anonymous_3)
FNDA:0,(anonymous_4)
FNDA:0,(anonymous_5)
FNDA:0,(anonymous_6)
FNDA:0,(anonymous_7)
FNDA:1,(anonymous_8)
DA:4,1
DA:8,0
DA:12,0
DA:18,0
DA:19,0
DA:22,0
DA:26,0
DA:30,0
DA:34,0
DA:38,1
DA:39,1
DA:42,1
LF:12
LH:4
BRDA:4,0,0,1
BRDA:4,0,1,0
BRDA:18,1,0,0
BRDA:18,1,1,0
BRF:4
BRH:1
end_of_record
TN:
SF:/home/luong.ngoc.phuc/Desktop/work/personal/web-app/src/services/subscriptions/subscriptions.hooks.js
FNF:0
FNH:0
DA:1,1
DA:2,1
DA:3,1
DA:6,1
LF:4
LH:4
BRF:0
BRH:0
end_of_record
TN:
SF:/home/luong.ngoc.phuc/Desktop/work/personal/web-app/src/services/subscriptions/subscriptions.service.js
FN:5,(anonymous_0)
FNF:1
FNH:1
FNDA:1,(anonymous_0)
DA:2,1
DA:3,1
DA:5,1
DA:7,1
DA:9,1
DA:14,1
DA:17,1
DA:19,1
LF:8
LH:8
BRF:0
BRH:0
end_of_record
TN:
SF:/home/luong.ngoc.phuc/Desktop/work/personal/web-app/src/services/tokens/tokens.class.js
FN:3,(anonymous_0)
FN:7,(anonymous_1)
FN:11,(anonymous_2)
FN:17,(anonymous_3)
FN:19,(anonymous_4)
FN:25,(anonymous_5)
FN:29,(anonymous_6)
FN:33,(anonymous_7)
FN:38,(anonymous_8)
FNF:9
FNH:2
FNDA:1,(anonymous_0)
FNDA:0,(anonymous_1)
FNDA:0,(anonymous_2)
FNDA:0,(anonymous_3)
FNDA:0,(anonymous_4)
FNDA:0,(anonymous_5)
FNDA:0,(anonymous_6)
FNDA:0,(anonymous_7)
FNDA:1,(anonymous_8)
DA:4,1
DA:8,0
DA:12,0
DA:18,0
DA:19,0
DA:22,0
DA:26,0
DA:30,0
DA:34,0
DA:38,1
DA:39,1
DA:42,1
LF:12
LH:4
BRDA:4,0,0,1
BRDA:4,0,1,0
BRDA:18,1,0,0
BRDA:18,1,1,0
BRF:4
BRH:1
end_of_record
TN:
SF:/home/luong.ngoc.phuc/Desktop/work/personal/web-app/src/services/tokens/tokens.hooks.js
FNF:0
FNH:0
DA:1,1
DA:2,1
DA:3,1
DA:5,1
LF:4
LH:4
BRF:0
BRH:0
end_of_record
TN:
SF:/home/luong.ngoc.phuc/Desktop/work/personal/web-app/src/services/tokens/tokens.service.js
FN:5,(anonymous_0)
FNF:1
FNH:1
FNDA:1,(anonymous_0)
DA:2,1
DA:3,1
DA:5,1
DA:7,1
DA:9,1
DA:14,1
DA:17,1
DA:19,1
LF:8
LH:8
BRF:0
BRH:0
end_of_record
TN:
SF:/home/luong.ngoc.phuc/Desktop/work/personal/web-app/src/services/user/user.hooks.js
FNF:0
FNH:0
DA:1,1
DA:2,1
DA:3,1
DA:5,1
LF:4
LH:4
BRF:0
BRH:0
end_of_record
TN:
SF:/home/luong.ngoc.phuc/Desktop/work/personal/web-app/src/services/user/user.service.js
FN:7,(anonymous_0)
FNF:1
FNH:1
FNDA:1,(anonymous_0)
DA:2,1
DA:3,1
DA:4,1
DA:5,1
DA:7,1
DA:8,1
DA:9,1
DA:11,1
DA:17,1
DA:20,1
DA:22,1
LF:11
LH:11
BRF:0
BRH:0
end_of_record
